c:\users\zhenya\documents\graphicsprogramming\everyray-rendering-engine\source\game\release\everyray - rendering engine.pch
c:\users\zhenya\documents\graphicsprogramming\everyray-rendering-engine\source\game\release\vc141.pdb
c:\users\zhenya\documents\graphicsprogramming\everyray-rendering-engine\source\game\release\stdafx.obj
c:\users\zhenya\documents\graphicsprogramming\everyray-rendering-engine\source\game\release\watersimulationdemo.obj
c:\users\zhenya\documents\graphicsprogramming\everyray-rendering-engine\source\game\release\volumetriclightingdemo.obj
c:\users\zhenya\documents\graphicsprogramming\everyray-rendering-engine\source\game\release\testscenedemo.obj
c:\users\zhenya\documents\graphicsprogramming\everyray-rendering-engine\source\game\release\subsurfacescatteringdemo.obj
c:\users\zhenya\documents\graphicsprogramming\everyray-rendering-engine\source\game\release\shadowmappingdemo.obj
c:\users\zhenya\documents\graphicsprogramming\everyray-rendering-engine\source\game\release\renderinggame.obj
c:\users\zhenya\documents\graphicsprogramming\everyray-rendering-engine\source\game\release\program.obj
c:\users\zhenya\documents\graphicsprogramming\everyray-rendering-engine\source\game\release\physicallybasedrenderingdemo.obj
c:\users\zhenya\documents\graphicsprogramming\everyray-rendering-engine\source\game\release\instancingdemo.obj
c:\users\zhenya\documents\graphicsprogramming\everyray-rendering-engine\source\game\release\frustumcullingdemo.obj
c:\users\zhenya\documents\graphicsprogramming\everyray-rendering-engine\source\game\release\collisiontestdemo.obj
c:\users\zhenya\documents\graphicsprogramming\everyray-rendering-engine\source\game\release\sponzamaindemo.obj
c:\users\zhenya\documents\graphicsprogramming\everyray-rendering-engine\source\game\release\imgui_impl_win32.obj
c:\users\zhenya\documents\graphicsprogramming\everyray-rendering-engine\source\game\release\imgui_impl_dx11.obj
c:\users\zhenya\documents\graphicsprogramming\everyray-rendering-engine\source\game\release\imgui_draw.obj
c:\users\zhenya\documents\graphicsprogramming\everyray-rendering-engine\source\game\release\imgui_demo.obj
c:\users\zhenya\documents\graphicsprogramming\everyray-rendering-engine\source\game\release\imguizmo.obj
c:\users\zhenya\documents\graphicsprogramming\everyray-rendering-engine\source\game\release\imgui.obj
c:\users\zhenya\documents\graphicsprogramming\everyray-rendering-engine\bin\release\everyray - rendering engine.ipdb
c:\users\zhenya\documents\graphicsprogramming\everyray-rendering-engine\bin\release\everyray - rendering engine.iobj
c:\users\zhenya\documents\graphicsprogramming\everyray-rendering-engine\bin\release\everyray - rendering engine.exe
c:\users\zhenya\documents\graphicsprogramming\everyray-rendering-engine\bin\release\everyray - rendering engine.pdb
c:\users\zhenya\documents\graphicsprogramming\everyray-rendering-engine\source\game\release\game.res
c:\users\zhenya\documents\graphicsprogramming\everyray-rendering-engine\\bin\release\everyray - rendering engine.pdb
c:\users\zhenya\documents\graphicsprogramming\everyray-rendering-engine\\bin\release\everyray - rendering engine.exe
c:\users\zhenya\documents\graphicsprogramming\everyray-rendering-engine\source\game\release\game.tlog\cl.command.1.tlog
c:\users\zhenya\documents\graphicsprogramming\everyray-rendering-engine\source\game\release\game.tlog\cl.read.1.tlog
c:\users\zhenya\documents\graphicsprogramming\everyray-rendering-engine\source\game\release\game.tlog\cl.write.1.tlog
c:\users\zhenya\documents\graphicsprogramming\everyray-rendering-engine\source\game\release\game.tlog\game.write.1u.tlog
c:\users\zhenya\documents\graphicsprogramming\everyray-rendering-engine\source\game\release\game.tlog\link.command.1.tlog
c:\users\zhenya\documents\graphicsprogramming\everyray-rendering-engine\source\game\release\game.tlog\link.read.1.tlog
c:\users\zhenya\documents\graphicsprogramming\everyray-rendering-engine\source\game\release\game.tlog\link.write.1.tlog
c:\users\zhenya\documents\graphicsprogramming\everyray-rendering-engine\source\game\release\game.tlog\rc.command.1.tlog
c:\users\zhenya\documents\graphicsprogramming\everyray-rendering-engine\source\game\release\game.tlog\rc.read.1.tlog
c:\users\zhenya\documents\graphicsprogramming\everyray-rendering-engine\source\game\release\game.tlog\rc.write.1.tlog
