  RenderingGame.cpp
c:\users\zhenya\documents\graphicsprogramming\everyray-rendering-engine\source\library\postprocessingstack.h(101): warning C4150: deletion of pointer to incomplete type 'Rendering::VignetteMaterial'; no destructor called
  c:\users\zhenya\documents\graphicsprogramming\everyray-rendering-engine\source\library\postprocessingstack.h(19): note: see declaration of 'Rendering::VignetteMaterial'
c:\users\zhenya\documents\graphicsprogramming\everyray-rendering-engine\source\library\postprocessingstack.h(102): warning C4150: deletion of pointer to incomplete type 'Library::FullScreenQuad'; no destructor called
  c:\users\zhenya\documents\graphicsprogramming\everyray-rendering-engine\source\library\postprocessingstack.h(12): note: see declaration of 'Library::FullScreenQuad'
c:\users\zhenya\documents\graphicsprogramming\everyray-rendering-engine\source\library\postprocessingstack.h(124): warning C4150: deletion of pointer to incomplete type 'Rendering::FXAAMaterial'; no destructor called
  c:\users\zhenya\documents\graphicsprogramming\everyray-rendering-engine\source\library\postprocessingstack.h(22): note: see declaration of 'Rendering::FXAAMaterial'
c:\users\zhenya\documents\graphicsprogramming\everyray-rendering-engine\source\library\postprocessingstack.h(125): warning C4150: deletion of pointer to incomplete type 'Library::FullScreenQuad'; no destructor called
  c:\users\zhenya\documents\graphicsprogramming\everyray-rendering-engine\source\library\postprocessingstack.h(12): note: see declaration of 'Library::FullScreenQuad'
c:\users\zhenya\documents\graphicsprogramming\everyray-rendering-engine\source\library\postprocessingstack.h(145): warning C4150: deletion of pointer to incomplete type 'Rendering::ColorGradingMaterial'; no destructor called
  c:\users\zhenya\documents\graphicsprogramming\everyray-rendering-engine\source\library\postprocessingstack.h(20): note: see declaration of 'Rendering::ColorGradingMaterial'
c:\users\zhenya\documents\graphicsprogramming\everyray-rendering-engine\source\library\postprocessingstack.h(146): warning C4150: deletion of pointer to incomplete type 'Library::FullScreenQuad'; no destructor called
  c:\users\zhenya\documents\graphicsprogramming\everyray-rendering-engine\source\library\postprocessingstack.h(12): note: see declaration of 'Library::FullScreenQuad'
c:\users\zhenya\documents\graphicsprogramming\everyray-rendering-engine\source\library\postprocessingstack.h(175): warning C4150: deletion of pointer to incomplete type 'Rendering::FogMaterial'; no destructor called
  c:\users\zhenya\documents\graphicsprogramming\everyray-rendering-engine\source\library\postprocessingstack.h(23): note: see declaration of 'Rendering::FogMaterial'
c:\users\zhenya\documents\graphicsprogramming\everyray-rendering-engine\source\library\postprocessingstack.h(176): warning C4150: deletion of pointer to incomplete type 'Library::FullScreenQuad'; no destructor called
  c:\users\zhenya\documents\graphicsprogramming\everyray-rendering-engine\source\library\postprocessingstack.h(12): note: see declaration of 'Library::FullScreenQuad'
c:\users\zhenya\documents\graphicsprogramming\everyray-rendering-engine\source\library\postprocessingstack.h(200): warning C4150: deletion of pointer to incomplete type 'Rendering::LightShaftsMaterial'; no destructor called
  c:\users\zhenya\documents\graphicsprogramming\everyray-rendering-engine\source\library\postprocessingstack.h(25): note: see declaration of 'Rendering::LightShaftsMaterial'
c:\users\zhenya\documents\graphicsprogramming\everyray-rendering-engine\source\library\postprocessingstack.h(201): warning C4150: deletion of pointer to incomplete type 'Library::FullScreenQuad'; no destructor called
  c:\users\zhenya\documents\graphicsprogramming\everyray-rendering-engine\source\library\postprocessingstack.h(12): note: see declaration of 'Library::FullScreenQuad'
c:\users\zhenya\documents\graphicsprogramming\everyray-rendering-engine\source\library\postprocessingstack.h(230): warning C4150: deletion of pointer to incomplete type 'Rendering::ScreenSpaceReflectionsMaterial'; no destructor called
  c:\users\zhenya\documents\graphicsprogramming\everyray-rendering-engine\source\library\postprocessingstack.h(24): note: see declaration of 'Rendering::ScreenSpaceReflectionsMaterial'
c:\users\zhenya\documents\graphicsprogramming\everyray-rendering-engine\source\library\postprocessingstack.h(231): warning C4150: deletion of pointer to incomplete type 'Library::FullScreenQuad'; no destructor called
  c:\users\zhenya\documents\graphicsprogramming\everyray-rendering-engine\source\library\postprocessingstack.h(12): note: see declaration of 'Library::FullScreenQuad'
c:\users\zhenya\documents\graphicsprogramming\everyray-rendering-engine\source\library\postprocessingstack.h(255): warning C4150: deletion of pointer to incomplete type 'Rendering::MotionBlurMaterial'; no destructor called
  c:\users\zhenya\documents\graphicsprogramming\everyray-rendering-engine\source\library\postprocessingstack.h(21): note: see declaration of 'Rendering::MotionBlurMaterial'
c:\users\zhenya\documents\graphicsprogramming\everyray-rendering-engine\source\library\postprocessingstack.h(256): warning C4150: deletion of pointer to incomplete type 'Library::FullScreenQuad'; no destructor called
  c:\users\zhenya\documents\graphicsprogramming\everyray-rendering-engine\source\library\postprocessingstack.h(12): note: see declaration of 'Library::FullScreenQuad'
c:\users\zhenya\documents\graphicsprogramming\everyray-rendering-engine\source\game\instancingdemo.h(34): warning C4305: 'initializing': truncation from 'double' to 'float'
c:\users\zhenya\documents\graphicsprogramming\everyray-rendering-engine\source\game\frustumcullingdemo.h(152): warning C4150: deletion of pointer to incomplete type 'Library::RenderableAABB'; no destructor called
  c:\users\zhenya\documents\graphicsprogramming\everyray-rendering-engine\source\game\frustumcullingdemo.h(30): note: see declaration of 'Library::RenderableAABB'
c:\users\zhenya\documents\graphicsprogramming\everyray-rendering-engine\source\game\volumetriclightingdemo.h(176): warning C4150: deletion of pointer to incomplete type 'Rendering::NormalMappingMaterial'; no destructor called
  c:\users\zhenya\documents\graphicsprogramming\everyray-rendering-engine\source\game\volumetriclightingdemo.h(154): note: see declaration of 'Rendering::NormalMappingMaterial'
c:\users\zhenya\documents\graphicsprogramming\everyray-rendering-engine\source\game\volumetriclightingdemo.h(177): warning C4150: deletion of pointer to incomplete type 'Library::DepthMapMaterial'; no destructor called
  c:\users\zhenya\documents\graphicsprogramming\everyray-rendering-engine\source\game\volumetriclightingdemo.h(39): note: see declaration of 'Library::DepthMapMaterial'
c:\users\zhenya\documents\graphicsprogramming\everyray-rendering-engine\source\game\volumetriclightingdemo.h(216): warning C4150: deletion of pointer to incomplete type 'Library::ShadowMappingDirectionalMaterial'; no destructor called
  c:\users\zhenya\documents\graphicsprogramming\everyray-rendering-engine\source\game\volumetriclightingdemo.h(38): note: see declaration of 'Library::ShadowMappingDirectionalMaterial'
c:\users\zhenya\documents\graphicsprogramming\everyray-rendering-engine\source\game\volumetriclightingdemo.h(217): warning C4150: deletion of pointer to incomplete type 'Library::DepthMapMaterial'; no destructor called
  c:\users\zhenya\documents\graphicsprogramming\everyray-rendering-engine\source\game\volumetriclightingdemo.h(39): note: see declaration of 'Library::DepthMapMaterial'
c:\users\zhenya\documents\graphicsprogramming\everyray-rendering-engine\source\game\volumetriclightingdemo.h(362): warning C4305: 'initializing': truncation from 'double' to 'float'
  Generating code
  0 of 7169 functions ( 0.0%) were compiled, the rest were copied from previous compilation.
    0 functions were new in current compilation
    1 functions had inline decision re-evaluated but remain unchanged
  Finished generating code
  Game.vcxproj -> C:\Users\Zhenya\Documents\GraphicsProgramming\EveryRay-Rendering-Engine\\bin\x64\Release\EveryRay - Rendering Engine.exe
