  DemoLevel.cpp
C:\Users\Zhenya\Documents\GraphicsProgramming\EveryRay-Rendering-Engine\source\Library\PostProcessingStack.h(40,1): warning C4150: deletion of pointer to incomplete type 'Rendering::CompositeLightingMaterial'; no destructor called
C:\Users\Zhenya\Documents\GraphicsProgramming\EveryRay-Rendering-Engine\source\Library\PostProcessingStack.h(26): message : see declaration of 'Rendering::CompositeLightingMaterial'
C:\Users\Zhenya\Documents\GraphicsProgramming\EveryRay-Rendering-Engine\source\Library\PostProcessingStack.h(41,1): warning C4150: deletion of pointer to incomplete type 'Library::FullScreenQuad'; no destructor called
C:\Users\Zhenya\Documents\GraphicsProgramming\EveryRay-Rendering-Engine\source\Library\PostProcessingStack.h(12): message : see declaration of 'Library::FullScreenQuad'
C:\Users\Zhenya\Documents\GraphicsProgramming\EveryRay-Rendering-Engine\source\Library\PostProcessingStack.h(126,1): warning C4150: deletion of pointer to incomplete type 'Rendering::VignetteMaterial'; no destructor called
C:\Users\Zhenya\Documents\GraphicsProgramming\EveryRay-Rendering-Engine\source\Library\PostProcessingStack.h(19): message : see declaration of 'Rendering::VignetteMaterial'
C:\Users\Zhenya\Documents\GraphicsProgramming\EveryRay-Rendering-Engine\source\Library\PostProcessingStack.h(127,1): warning C4150: deletion of pointer to incomplete type 'Library::FullScreenQuad'; no destructor called
C:\Users\Zhenya\Documents\GraphicsProgramming\EveryRay-Rendering-Engine\source\Library\PostProcessingStack.h(12): message : see declaration of 'Library::FullScreenQuad'
C:\Users\Zhenya\Documents\GraphicsProgramming\EveryRay-Rendering-Engine\source\Library\PostProcessingStack.h(149,1): warning C4150: deletion of pointer to incomplete type 'Rendering::FXAAMaterial'; no destructor called
C:\Users\Zhenya\Documents\GraphicsProgramming\EveryRay-Rendering-Engine\source\Library\PostProcessingStack.h(22): message : see declaration of 'Rendering::FXAAMaterial'
C:\Users\Zhenya\Documents\GraphicsProgramming\EveryRay-Rendering-Engine\source\Library\PostProcessingStack.h(150,1): warning C4150: deletion of pointer to incomplete type 'Library::FullScreenQuad'; no destructor called
C:\Users\Zhenya\Documents\GraphicsProgramming\EveryRay-Rendering-Engine\source\Library\PostProcessingStack.h(12): message : see declaration of 'Library::FullScreenQuad'
C:\Users\Zhenya\Documents\GraphicsProgramming\EveryRay-Rendering-Engine\source\Library\PostProcessingStack.h(170,1): warning C4150: deletion of pointer to incomplete type 'Rendering::ColorGradingMaterial'; no destructor called
C:\Users\Zhenya\Documents\GraphicsProgramming\EveryRay-Rendering-Engine\source\Library\PostProcessingStack.h(20): message : see declaration of 'Rendering::ColorGradingMaterial'
C:\Users\Zhenya\Documents\GraphicsProgramming\EveryRay-Rendering-Engine\source\Library\PostProcessingStack.h(171,1): warning C4150: deletion of pointer to incomplete type 'Library::FullScreenQuad'; no destructor called
C:\Users\Zhenya\Documents\GraphicsProgramming\EveryRay-Rendering-Engine\source\Library\PostProcessingStack.h(12): message : see declaration of 'Library::FullScreenQuad'
C:\Users\Zhenya\Documents\GraphicsProgramming\EveryRay-Rendering-Engine\source\Library\PostProcessingStack.h(200,1): warning C4150: deletion of pointer to incomplete type 'Rendering::FogMaterial'; no destructor called
C:\Users\Zhenya\Documents\GraphicsProgramming\EveryRay-Rendering-Engine\source\Library\PostProcessingStack.h(23): message : see declaration of 'Rendering::FogMaterial'
C:\Users\Zhenya\Documents\GraphicsProgramming\EveryRay-Rendering-Engine\source\Library\PostProcessingStack.h(201,1): warning C4150: deletion of pointer to incomplete type 'Library::FullScreenQuad'; no destructor called
C:\Users\Zhenya\Documents\GraphicsProgramming\EveryRay-Rendering-Engine\source\Library\PostProcessingStack.h(12): message : see declaration of 'Library::FullScreenQuad'
C:\Users\Zhenya\Documents\GraphicsProgramming\EveryRay-Rendering-Engine\source\Library\PostProcessingStack.h(225,1): warning C4150: deletion of pointer to incomplete type 'Rendering::LightShaftsMaterial'; no destructor called
C:\Users\Zhenya\Documents\GraphicsProgramming\EveryRay-Rendering-Engine\source\Library\PostProcessingStack.h(25): message : see declaration of 'Rendering::LightShaftsMaterial'
C:\Users\Zhenya\Documents\GraphicsProgramming\EveryRay-Rendering-Engine\source\Library\PostProcessingStack.h(226,1): warning C4150: deletion of pointer to incomplete type 'Library::FullScreenQuad'; no destructor called
C:\Users\Zhenya\Documents\GraphicsProgramming\EveryRay-Rendering-Engine\source\Library\PostProcessingStack.h(12): message : see declaration of 'Library::FullScreenQuad'
C:\Users\Zhenya\Documents\GraphicsProgramming\EveryRay-Rendering-Engine\source\Library\PostProcessingStack.h(255,1): warning C4150: deletion of pointer to incomplete type 'Rendering::ScreenSpaceReflectionsMaterial'; no destructor called
C:\Users\Zhenya\Documents\GraphicsProgramming\EveryRay-Rendering-Engine\source\Library\PostProcessingStack.h(24): message : see declaration of 'Rendering::ScreenSpaceReflectionsMaterial'
C:\Users\Zhenya\Documents\GraphicsProgramming\EveryRay-Rendering-Engine\source\Library\PostProcessingStack.h(256,1): warning C4150: deletion of pointer to incomplete type 'Library::FullScreenQuad'; no destructor called
C:\Users\Zhenya\Documents\GraphicsProgramming\EveryRay-Rendering-Engine\source\Library\PostProcessingStack.h(12): message : see declaration of 'Library::FullScreenQuad'
C:\Users\Zhenya\Documents\GraphicsProgramming\EveryRay-Rendering-Engine\source\Library\PostProcessingStack.h(280,1): warning C4150: deletion of pointer to incomplete type 'Rendering::MotionBlurMaterial'; no destructor called
C:\Users\Zhenya\Documents\GraphicsProgramming\EveryRay-Rendering-Engine\source\Library\PostProcessingStack.h(21): message : see declaration of 'Rendering::MotionBlurMaterial'
C:\Users\Zhenya\Documents\GraphicsProgramming\EveryRay-Rendering-Engine\source\Library\PostProcessingStack.h(281,1): warning C4150: deletion of pointer to incomplete type 'Library::FullScreenQuad'; no destructor called
C:\Users\Zhenya\Documents\GraphicsProgramming\EveryRay-Rendering-Engine\source\Library\PostProcessingStack.h(12): message : see declaration of 'Library::FullScreenQuad'
C:\Users\Zhenya\Documents\GraphicsProgramming\EveryRay-Rendering-Engine\source\Library\Terrain.h(89,82): warning C4244: '=': conversion from 'float' to 'int', possible loss of data
C:\Users\Zhenya\Documents\GraphicsProgramming\EveryRay-Rendering-Engine\source\Library\RenderingObject.h(150,44): warning C4267: 'return': conversion from 'size_t' to 'const UINT', possible loss of data
C:\Users\Zhenya\Documents\GraphicsProgramming\EveryRay-Rendering-Engine\source\Library\RenderingObject.h(205,1): warning C4267: 'return': conversion from 'size_t' to 'int', possible loss of data
C:\Users\Zhenya\Documents\GraphicsProgramming\EveryRay-Rendering-Engine\source\Library\Foliage.h(121,27): warning C4305: 'initializing': truncation from 'double' to 'float'
  Foliage.cpp
C:\Users\Zhenya\Documents\GraphicsProgramming\EveryRay-Rendering-Engine\source\Library\PostProcessingStack.h(40,1): warning C4150: deletion of pointer to incomplete type 'Rendering::CompositeLightingMaterial'; no destructor called
C:\Users\Zhenya\Documents\GraphicsProgramming\EveryRay-Rendering-Engine\source\Library\PostProcessingStack.h(26): message : see declaration of 'Rendering::CompositeLightingMaterial'
C:\Users\Zhenya\Documents\GraphicsProgramming\EveryRay-Rendering-Engine\source\Library\PostProcessingStack.h(41,1): warning C4150: deletion of pointer to incomplete type 'Library::FullScreenQuad'; no destructor called
C:\Users\Zhenya\Documents\GraphicsProgramming\EveryRay-Rendering-Engine\source\Library\PostProcessingStack.h(12): message : see declaration of 'Library::FullScreenQuad'
C:\Users\Zhenya\Documents\GraphicsProgramming\EveryRay-Rendering-Engine\source\Library\PostProcessingStack.h(126,1): warning C4150: deletion of pointer to incomplete type 'Rendering::VignetteMaterial'; no destructor called
C:\Users\Zhenya\Documents\GraphicsProgramming\EveryRay-Rendering-Engine\source\Library\PostProcessingStack.h(19): message : see declaration of 'Rendering::VignetteMaterial'
C:\Users\Zhenya\Documents\GraphicsProgramming\EveryRay-Rendering-Engine\source\Library\PostProcessingStack.h(127,1): warning C4150: deletion of pointer to incomplete type 'Library::FullScreenQuad'; no destructor called
C:\Users\Zhenya\Documents\GraphicsProgramming\EveryRay-Rendering-Engine\source\Library\PostProcessingStack.h(12): message : see declaration of 'Library::FullScreenQuad'
C:\Users\Zhenya\Documents\GraphicsProgramming\EveryRay-Rendering-Engine\source\Library\PostProcessingStack.h(149,1): warning C4150: deletion of pointer to incomplete type 'Rendering::FXAAMaterial'; no destructor called
C:\Users\Zhenya\Documents\GraphicsProgramming\EveryRay-Rendering-Engine\source\Library\PostProcessingStack.h(22): message : see declaration of 'Rendering::FXAAMaterial'
C:\Users\Zhenya\Documents\GraphicsProgramming\EveryRay-Rendering-Engine\source\Library\PostProcessingStack.h(150,1): warning C4150: deletion of pointer to incomplete type 'Library::FullScreenQuad'; no destructor called
C:\Users\Zhenya\Documents\GraphicsProgramming\EveryRay-Rendering-Engine\source\Library\PostProcessingStack.h(12): message : see declaration of 'Library::FullScreenQuad'
C:\Users\Zhenya\Documents\GraphicsProgramming\EveryRay-Rendering-Engine\source\Library\PostProcessingStack.h(170,1): warning C4150: deletion of pointer to incomplete type 'Rendering::ColorGradingMaterial'; no destructor called
C:\Users\Zhenya\Documents\GraphicsProgramming\EveryRay-Rendering-Engine\source\Library\PostProcessingStack.h(20): message : see declaration of 'Rendering::ColorGradingMaterial'
C:\Users\Zhenya\Documents\GraphicsProgramming\EveryRay-Rendering-Engine\source\Library\PostProcessingStack.h(171,1): warning C4150: deletion of pointer to incomplete type 'Library::FullScreenQuad'; no destructor called
C:\Users\Zhenya\Documents\GraphicsProgramming\EveryRay-Rendering-Engine\source\Library\PostProcessingStack.h(12): message : see declaration of 'Library::FullScreenQuad'
C:\Users\Zhenya\Documents\GraphicsProgramming\EveryRay-Rendering-Engine\source\Library\PostProcessingStack.h(200,1): warning C4150: deletion of pointer to incomplete type 'Rendering::FogMaterial'; no destructor called
C:\Users\Zhenya\Documents\GraphicsProgramming\EveryRay-Rendering-Engine\source\Library\PostProcessingStack.h(23): message : see declaration of 'Rendering::FogMaterial'
C:\Users\Zhenya\Documents\GraphicsProgramming\EveryRay-Rendering-Engine\source\Library\PostProcessingStack.h(201,1): warning C4150: deletion of pointer to incomplete type 'Library::FullScreenQuad'; no destructor called
C:\Users\Zhenya\Documents\GraphicsProgramming\EveryRay-Rendering-Engine\source\Library\PostProcessingStack.h(12): message : see declaration of 'Library::FullScreenQuad'
C:\Users\Zhenya\Documents\GraphicsProgramming\EveryRay-Rendering-Engine\source\Library\PostProcessingStack.h(225,1): warning C4150: deletion of pointer to incomplete type 'Rendering::LightShaftsMaterial'; no destructor called
C:\Users\Zhenya\Documents\GraphicsProgramming\EveryRay-Rendering-Engine\source\Library\PostProcessingStack.h(25): message : see declaration of 'Rendering::LightShaftsMaterial'
C:\Users\Zhenya\Documents\GraphicsProgramming\EveryRay-Rendering-Engine\source\Library\PostProcessingStack.h(226,1): warning C4150: deletion of pointer to incomplete type 'Library::FullScreenQuad'; no destructor called
C:\Users\Zhenya\Documents\GraphicsProgramming\EveryRay-Rendering-Engine\source\Library\PostProcessingStack.h(12): message : see declaration of 'Library::FullScreenQuad'
C:\Users\Zhenya\Documents\GraphicsProgramming\EveryRay-Rendering-Engine\source\Library\PostProcessingStack.h(255,1): warning C4150: deletion of pointer to incomplete type 'Rendering::ScreenSpaceReflectionsMaterial'; no destructor called
C:\Users\Zhenya\Documents\GraphicsProgramming\EveryRay-Rendering-Engine\source\Library\PostProcessingStack.h(24): message : see declaration of 'Rendering::ScreenSpaceReflectionsMaterial'
C:\Users\Zhenya\Documents\GraphicsProgramming\EveryRay-Rendering-Engine\source\Library\PostProcessingStack.h(256,1): warning C4150: deletion of pointer to incomplete type 'Library::FullScreenQuad'; no destructor called
C:\Users\Zhenya\Documents\GraphicsProgramming\EveryRay-Rendering-Engine\source\Library\PostProcessingStack.h(12): message : see declaration of 'Library::FullScreenQuad'
C:\Users\Zhenya\Documents\GraphicsProgramming\EveryRay-Rendering-Engine\source\Library\PostProcessingStack.h(280,1): warning C4150: deletion of pointer to incomplete type 'Rendering::MotionBlurMaterial'; no destructor called
C:\Users\Zhenya\Documents\GraphicsProgramming\EveryRay-Rendering-Engine\source\Library\PostProcessingStack.h(21): message : see declaration of 'Rendering::MotionBlurMaterial'
C:\Users\Zhenya\Documents\GraphicsProgramming\EveryRay-Rendering-Engine\source\Library\PostProcessingStack.h(281,1): warning C4150: deletion of pointer to incomplete type 'Library::FullScreenQuad'; no destructor called
C:\Users\Zhenya\Documents\GraphicsProgramming\EveryRay-Rendering-Engine\source\Library\PostProcessingStack.h(12): message : see declaration of 'Library::FullScreenQuad'
C:\Users\Zhenya\Documents\GraphicsProgramming\EveryRay-Rendering-Engine\source\Library\RenderingObject.h(150,44): warning C4267: 'return': conversion from 'size_t' to 'const UINT', possible loss of data
C:\Users\Zhenya\Documents\GraphicsProgramming\EveryRay-Rendering-Engine\source\Library\RenderingObject.h(205,1): warning C4267: 'return': conversion from 'size_t' to 'int', possible loss of data
C:\Users\Zhenya\Documents\GraphicsProgramming\EveryRay-Rendering-Engine\source\Library\Foliage.h(121,27): warning C4305: 'initializing': truncation from 'double' to 'float'
C:\Users\Zhenya\Documents\GraphicsProgramming\EveryRay-Rendering-Engine\source\Library\Foliage.cpp(114,67): warning C4267: '=': conversion from 'size_t' to 'int', possible loss of data
C:\Users\Zhenya\Documents\GraphicsProgramming\EveryRay-Rendering-Engine\source\Library\Foliage.cpp(122,67): warning C4267: '=': conversion from 'size_t' to 'int', possible loss of data
C:\Users\Zhenya\Documents\GraphicsProgramming\EveryRay-Rendering-Engine\source\Library\Foliage.cpp(130,67): warning C4267: '=': conversion from 'size_t' to 'int', possible loss of data
C:\Users\Zhenya\Documents\GraphicsProgramming\EveryRay-Rendering-Engine\source\Library\Foliage.cpp(168,26): warning C4101: 'vertexData': unreferenced local variable
C:\Users\Zhenya\Documents\GraphicsProgramming\EveryRay-Rendering-Engine\source\Library\Foliage.cpp(167,21): warning C4101: 'vertexBufferDesc': unreferenced local variable
C:\Users\Zhenya\Documents\GraphicsProgramming\EveryRay-Rendering-Engine\source\Library\Foliage.cpp(385,19): warning C4101: 'windRotation': unreferenced local variable
C:\Users\Zhenya\Documents\GraphicsProgramming\EveryRay-Rendering-Engine\source\Library\Foliage.cpp(385,9): warning C4101: 'rotation': unreferenced local variable
C:\Users\Zhenya\Documents\GraphicsProgramming\EveryRay-Rendering-Engine\source\Library\Foliage.cpp(384,10): warning C4101: 'angle': unreferenced local variable
C:\Users\Zhenya\Documents\GraphicsProgramming\EveryRay-Rendering-Engine\source\Library\Foliage.cpp(415,65): warning C4244: '=': conversion from 'float' to 'int', possible loss of data
  Illumination.cpp
C:\Users\Zhenya\Documents\GraphicsProgramming\EveryRay-Rendering-Engine\source\Library\RenderingObject.h(150,44): warning C4267: 'return': conversion from 'size_t' to 'const UINT', possible loss of data
C:\Users\Zhenya\Documents\GraphicsProgramming\EveryRay-Rendering-Engine\source\Library\RenderingObject.h(205,1): warning C4267: 'return': conversion from 'size_t' to 'int', possible loss of data
C:\Users\Zhenya\Documents\GraphicsProgramming\EveryRay-Rendering-Engine\source\Library\PostProcessingStack.h(40,1): warning C4150: deletion of pointer to incomplete type 'Rendering::CompositeLightingMaterial'; no destructor called
C:\Users\Zhenya\Documents\GraphicsProgramming\EveryRay-Rendering-Engine\source\Library\PostProcessingStack.h(26): message : see declaration of 'Rendering::CompositeLightingMaterial'
C:\Users\Zhenya\Documents\GraphicsProgramming\EveryRay-Rendering-Engine\source\Library\PostProcessingStack.h(41,1): warning C4150: deletion of pointer to incomplete type 'Library::FullScreenQuad'; no destructor called
C:\Users\Zhenya\Documents\GraphicsProgramming\EveryRay-Rendering-Engine\source\Library\PostProcessingStack.h(12): message : see declaration of 'Library::FullScreenQuad'
C:\Users\Zhenya\Documents\GraphicsProgramming\EveryRay-Rendering-Engine\source\Library\PostProcessingStack.h(126,1): warning C4150: deletion of pointer to incomplete type 'Rendering::VignetteMaterial'; no destructor called
C:\Users\Zhenya\Documents\GraphicsProgramming\EveryRay-Rendering-Engine\source\Library\PostProcessingStack.h(19): message : see declaration of 'Rendering::VignetteMaterial'
C:\Users\Zhenya\Documents\GraphicsProgramming\EveryRay-Rendering-Engine\source\Library\PostProcessingStack.h(127,1): warning C4150: deletion of pointer to incomplete type 'Library::FullScreenQuad'; no destructor called
C:\Users\Zhenya\Documents\GraphicsProgramming\EveryRay-Rendering-Engine\source\Library\PostProcessingStack.h(12): message : see declaration of 'Library::FullScreenQuad'
C:\Users\Zhenya\Documents\GraphicsProgramming\EveryRay-Rendering-Engine\source\Library\PostProcessingStack.h(149,1): warning C4150: deletion of pointer to incomplete type 'Rendering::FXAAMaterial'; no destructor called
C:\Users\Zhenya\Documents\GraphicsProgramming\EveryRay-Rendering-Engine\source\Library\PostProcessingStack.h(22): message : see declaration of 'Rendering::FXAAMaterial'
C:\Users\Zhenya\Documents\GraphicsProgramming\EveryRay-Rendering-Engine\source\Library\PostProcessingStack.h(150,1): warning C4150: deletion of pointer to incomplete type 'Library::FullScreenQuad'; no destructor called
C:\Users\Zhenya\Documents\GraphicsProgramming\EveryRay-Rendering-Engine\source\Library\PostProcessingStack.h(12): message : see declaration of 'Library::FullScreenQuad'
C:\Users\Zhenya\Documents\GraphicsProgramming\EveryRay-Rendering-Engine\source\Library\PostProcessingStack.h(170,1): warning C4150: deletion of pointer to incomplete type 'Rendering::ColorGradingMaterial'; no destructor called
C:\Users\Zhenya\Documents\GraphicsProgramming\EveryRay-Rendering-Engine\source\Library\PostProcessingStack.h(20): message : see declaration of 'Rendering::ColorGradingMaterial'
C:\Users\Zhenya\Documents\GraphicsProgramming\EveryRay-Rendering-Engine\source\Library\PostProcessingStack.h(171,1): warning C4150: deletion of pointer to incomplete type 'Library::FullScreenQuad'; no destructor called
C:\Users\Zhenya\Documents\GraphicsProgramming\EveryRay-Rendering-Engine\source\Library\PostProcessingStack.h(12): message : see declaration of 'Library::FullScreenQuad'
C:\Users\Zhenya\Documents\GraphicsProgramming\EveryRay-Rendering-Engine\source\Library\PostProcessingStack.h(200,1): warning C4150: deletion of pointer to incomplete type 'Rendering::FogMaterial'; no destructor called
C:\Users\Zhenya\Documents\GraphicsProgramming\EveryRay-Rendering-Engine\source\Library\PostProcessingStack.h(23): message : see declaration of 'Rendering::FogMaterial'
C:\Users\Zhenya\Documents\GraphicsProgramming\EveryRay-Rendering-Engine\source\Library\PostProcessingStack.h(201,1): warning C4150: deletion of pointer to incomplete type 'Library::FullScreenQuad'; no destructor called
C:\Users\Zhenya\Documents\GraphicsProgramming\EveryRay-Rendering-Engine\source\Library\PostProcessingStack.h(12): message : see declaration of 'Library::FullScreenQuad'
C:\Users\Zhenya\Documents\GraphicsProgramming\EveryRay-Rendering-Engine\source\Library\PostProcessingStack.h(225,1): warning C4150: deletion of pointer to incomplete type 'Rendering::LightShaftsMaterial'; no destructor called
C:\Users\Zhenya\Documents\GraphicsProgramming\EveryRay-Rendering-Engine\source\Library\PostProcessingStack.h(25): message : see declaration of 'Rendering::LightShaftsMaterial'
C:\Users\Zhenya\Documents\GraphicsProgramming\EveryRay-Rendering-Engine\source\Library\PostProcessingStack.h(226,1): warning C4150: deletion of pointer to incomplete type 'Library::FullScreenQuad'; no destructor called
C:\Users\Zhenya\Documents\GraphicsProgramming\EveryRay-Rendering-Engine\source\Library\PostProcessingStack.h(12): message : see declaration of 'Library::FullScreenQuad'
C:\Users\Zhenya\Documents\GraphicsProgramming\EveryRay-Rendering-Engine\source\Library\PostProcessingStack.h(255,1): warning C4150: deletion of pointer to incomplete type 'Rendering::ScreenSpaceReflectionsMaterial'; no destructor called
C:\Users\Zhenya\Documents\GraphicsProgramming\EveryRay-Rendering-Engine\source\Library\PostProcessingStack.h(24): message : see declaration of 'Rendering::ScreenSpaceReflectionsMaterial'
C:\Users\Zhenya\Documents\GraphicsProgramming\EveryRay-Rendering-Engine\source\Library\PostProcessingStack.h(256,1): warning C4150: deletion of pointer to incomplete type 'Library::FullScreenQuad'; no destructor called
C:\Users\Zhenya\Documents\GraphicsProgramming\EveryRay-Rendering-Engine\source\Library\PostProcessingStack.h(12): message : see declaration of 'Library::FullScreenQuad'
C:\Users\Zhenya\Documents\GraphicsProgramming\EveryRay-Rendering-Engine\source\Library\PostProcessingStack.h(280,1): warning C4150: deletion of pointer to incomplete type 'Rendering::MotionBlurMaterial'; no destructor called
C:\Users\Zhenya\Documents\GraphicsProgramming\EveryRay-Rendering-Engine\source\Library\PostProcessingStack.h(21): message : see declaration of 'Rendering::MotionBlurMaterial'
C:\Users\Zhenya\Documents\GraphicsProgramming\EveryRay-Rendering-Engine\source\Library\PostProcessingStack.h(281,1): warning C4150: deletion of pointer to incomplete type 'Library::FullScreenQuad'; no destructor called
C:\Users\Zhenya\Documents\GraphicsProgramming\EveryRay-Rendering-Engine\source\Library\PostProcessingStack.h(12): message : see declaration of 'Library::FullScreenQuad'
C:\Users\Zhenya\Documents\GraphicsProgramming\EveryRay-Rendering-Engine\source\Library\Foliage.h(121,27): warning C4305: 'initializing': truncation from 'double' to 'float'
C:\Users\Zhenya\Documents\GraphicsProgramming\EveryRay-Rendering-Engine\source\Library\Illumination.cpp(130,170): warning C4244: 'argument': conversion from 'double' to 'UINT', possible loss of data
C:\Users\Zhenya\Documents\GraphicsProgramming\EveryRay-Rendering-Engine\source\Library\Illumination.cpp(130,104): warning C4244: 'argument': conversion from 'double' to 'UINT', possible loss of data
C:\Users\Zhenya\Documents\GraphicsProgramming\EveryRay-Rendering-Engine\source\Library\Illumination.cpp(172,23): warning C4838: conversion from 'float' to 'LONG' requires a narrowing conversion
C:\Users\Zhenya\Documents\GraphicsProgramming\EveryRay-Rendering-Engine\source\Library\Illumination.cpp(172,23): warning C4244: 'initializing': conversion from 'float' to 'LONG', possible loss of data
C:\Users\Zhenya\Documents\GraphicsProgramming\EveryRay-Rendering-Engine\source\Library\Illumination.cpp(172,29): warning C4838: conversion from 'float' to 'LONG' requires a narrowing conversion
C:\Users\Zhenya\Documents\GraphicsProgramming\EveryRay-Rendering-Engine\source\Library\Illumination.cpp(172,29): warning C4244: 'initializing': conversion from 'float' to 'LONG', possible loss of data
C:\Users\Zhenya\Documents\GraphicsProgramming\EveryRay-Rendering-Engine\source\Library\Illumination.cpp(185,27): warning C4838: conversion from 'float' to 'LONG' requires a narrowing conversion
C:\Users\Zhenya\Documents\GraphicsProgramming\EveryRay-Rendering-Engine\source\Library\Illumination.cpp(185,27): warning C4244: 'initializing': conversion from 'float' to 'LONG', possible loss of data
C:\Users\Zhenya\Documents\GraphicsProgramming\EveryRay-Rendering-Engine\source\Library\Illumination.cpp(185,33): warning C4838: conversion from 'float' to 'LONG' requires a narrowing conversion
C:\Users\Zhenya\Documents\GraphicsProgramming\EveryRay-Rendering-Engine\source\Library\Illumination.cpp(185,33): warning C4244: 'initializing': conversion from 'float' to 'LONG', possible loss of data
  PostProcessingStack.cpp
C:\Users\Zhenya\Documents\GraphicsProgramming\EveryRay-Rendering-Engine\source\Library\PostProcessingStack.h(40,1): warning C4150: deletion of pointer to incomplete type 'Rendering::CompositeLightingMaterial'; no destructor called
C:\Users\Zhenya\Documents\GraphicsProgramming\EveryRay-Rendering-Engine\source\Library\PostProcessingStack.h(26): message : see declaration of 'Rendering::CompositeLightingMaterial'
C:\Users\Zhenya\Documents\GraphicsProgramming\EveryRay-Rendering-Engine\source\Library\PostProcessingStack.h(41,1): warning C4150: deletion of pointer to incomplete type 'Library::FullScreenQuad'; no destructor called
C:\Users\Zhenya\Documents\GraphicsProgramming\EveryRay-Rendering-Engine\source\Library\PostProcessingStack.h(12): message : see declaration of 'Library::FullScreenQuad'
C:\Users\Zhenya\Documents\GraphicsProgramming\EveryRay-Rendering-Engine\source\Library\PostProcessingStack.h(126,1): warning C4150: deletion of pointer to incomplete type 'Rendering::VignetteMaterial'; no destructor called
C:\Users\Zhenya\Documents\GraphicsProgramming\EveryRay-Rendering-Engine\source\Library\PostProcessingStack.h(19): message : see declaration of 'Rendering::VignetteMaterial'
C:\Users\Zhenya\Documents\GraphicsProgramming\EveryRay-Rendering-Engine\source\Library\PostProcessingStack.h(127,1): warning C4150: deletion of pointer to incomplete type 'Library::FullScreenQuad'; no destructor called
C:\Users\Zhenya\Documents\GraphicsProgramming\EveryRay-Rendering-Engine\source\Library\PostProcessingStack.h(12): message : see declaration of 'Library::FullScreenQuad'
C:\Users\Zhenya\Documents\GraphicsProgramming\EveryRay-Rendering-Engine\source\Library\PostProcessingStack.h(149,1): warning C4150: deletion of pointer to incomplete type 'Rendering::FXAAMaterial'; no destructor called
C:\Users\Zhenya\Documents\GraphicsProgramming\EveryRay-Rendering-Engine\source\Library\PostProcessingStack.h(22): message : see declaration of 'Rendering::FXAAMaterial'
C:\Users\Zhenya\Documents\GraphicsProgramming\EveryRay-Rendering-Engine\source\Library\PostProcessingStack.h(150,1): warning C4150: deletion of pointer to incomplete type 'Library::FullScreenQuad'; no destructor called
C:\Users\Zhenya\Documents\GraphicsProgramming\EveryRay-Rendering-Engine\source\Library\PostProcessingStack.h(12): message : see declaration of 'Library::FullScreenQuad'
C:\Users\Zhenya\Documents\GraphicsProgramming\EveryRay-Rendering-Engine\source\Library\PostProcessingStack.h(170,1): warning C4150: deletion of pointer to incomplete type 'Rendering::ColorGradingMaterial'; no destructor called
C:\Users\Zhenya\Documents\GraphicsProgramming\EveryRay-Rendering-Engine\source\Library\PostProcessingStack.h(20): message : see declaration of 'Rendering::ColorGradingMaterial'
C:\Users\Zhenya\Documents\GraphicsProgramming\EveryRay-Rendering-Engine\source\Library\PostProcessingStack.h(171,1): warning C4150: deletion of pointer to incomplete type 'Library::FullScreenQuad'; no destructor called
C:\Users\Zhenya\Documents\GraphicsProgramming\EveryRay-Rendering-Engine\source\Library\PostProcessingStack.h(12): message : see declaration of 'Library::FullScreenQuad'
C:\Users\Zhenya\Documents\GraphicsProgramming\EveryRay-Rendering-Engine\source\Library\PostProcessingStack.h(200,1): warning C4150: deletion of pointer to incomplete type 'Rendering::FogMaterial'; no destructor called
C:\Users\Zhenya\Documents\GraphicsProgramming\EveryRay-Rendering-Engine\source\Library\PostProcessingStack.h(23): message : see declaration of 'Rendering::FogMaterial'
C:\Users\Zhenya\Documents\GraphicsProgramming\EveryRay-Rendering-Engine\source\Library\PostProcessingStack.h(201,1): warning C4150: deletion of pointer to incomplete type 'Library::FullScreenQuad'; no destructor called
C:\Users\Zhenya\Documents\GraphicsProgramming\EveryRay-Rendering-Engine\source\Library\PostProcessingStack.h(12): message : see declaration of 'Library::FullScreenQuad'
C:\Users\Zhenya\Documents\GraphicsProgramming\EveryRay-Rendering-Engine\source\Library\PostProcessingStack.h(225,1): warning C4150: deletion of pointer to incomplete type 'Rendering::LightShaftsMaterial'; no destructor called
C:\Users\Zhenya\Documents\GraphicsProgramming\EveryRay-Rendering-Engine\source\Library\PostProcessingStack.h(25): message : see declaration of 'Rendering::LightShaftsMaterial'
C:\Users\Zhenya\Documents\GraphicsProgramming\EveryRay-Rendering-Engine\source\Library\PostProcessingStack.h(226,1): warning C4150: deletion of pointer to incomplete type 'Library::FullScreenQuad'; no destructor called
C:\Users\Zhenya\Documents\GraphicsProgramming\EveryRay-Rendering-Engine\source\Library\PostProcessingStack.h(12): message : see declaration of 'Library::FullScreenQuad'
C:\Users\Zhenya\Documents\GraphicsProgramming\EveryRay-Rendering-Engine\source\Library\PostProcessingStack.h(255,1): warning C4150: deletion of pointer to incomplete type 'Rendering::ScreenSpaceReflectionsMaterial'; no destructor called
C:\Users\Zhenya\Documents\GraphicsProgramming\EveryRay-Rendering-Engine\source\Library\PostProcessingStack.h(24): message : see declaration of 'Rendering::ScreenSpaceReflectionsMaterial'
C:\Users\Zhenya\Documents\GraphicsProgramming\EveryRay-Rendering-Engine\source\Library\PostProcessingStack.h(256,1): warning C4150: deletion of pointer to incomplete type 'Library::FullScreenQuad'; no destructor called
C:\Users\Zhenya\Documents\GraphicsProgramming\EveryRay-Rendering-Engine\source\Library\PostProcessingStack.h(12): message : see declaration of 'Library::FullScreenQuad'
C:\Users\Zhenya\Documents\GraphicsProgramming\EveryRay-Rendering-Engine\source\Library\PostProcessingStack.h(280,1): warning C4150: deletion of pointer to incomplete type 'Rendering::MotionBlurMaterial'; no destructor called
C:\Users\Zhenya\Documents\GraphicsProgramming\EveryRay-Rendering-Engine\source\Library\PostProcessingStack.h(21): message : see declaration of 'Rendering::MotionBlurMaterial'
C:\Users\Zhenya\Documents\GraphicsProgramming\EveryRay-Rendering-Engine\source\Library\PostProcessingStack.h(281,1): warning C4150: deletion of pointer to incomplete type 'Library::FullScreenQuad'; no destructor called
C:\Users\Zhenya\Documents\GraphicsProgramming\EveryRay-Rendering-Engine\source\Library\PostProcessingStack.h(12): message : see declaration of 'Library::FullScreenQuad'
C:\Users\Zhenya\Documents\GraphicsProgramming\EveryRay-Rendering-Engine\source\Library\PostProcessingStack.cpp(410,39): warning C4838: conversion from 'unsigned int' to 'int' requires a narrowing conversion
C:\Users\Zhenya\Documents\GraphicsProgramming\EveryRay-Rendering-Engine\source\Library\PostProcessingStack.cpp(410,46): warning C4838: conversion from 'unsigned int' to 'int' requires a narrowing conversion
C:\Users\Zhenya\Documents\GraphicsProgramming\EveryRay-Rendering-Engine\source\Library\PostProcessingStack.cpp(475,52): warning C4244: 'argument': conversion from 'int' to 'float', possible loss of data
C:\Users\Zhenya\Documents\GraphicsProgramming\EveryRay-Rendering-Engine\source\Library\PostProcessingStack.cpp(508,53): warning C4244: 'argument': conversion from 'int' to 'float', possible loss of data
C:\Users\Zhenya\Documents\GraphicsProgramming\EveryRay-Rendering-Engine\source\Library\PostProcessingStack.cpp(509,55): warning C4244: 'argument': conversion from 'int' to 'float', possible loss of data
  Skybox.cpp
C:\Users\Zhenya\Documents\GraphicsProgramming\EveryRay-Rendering-Engine\source\Library\PostProcessingStack.h(40,1): warning C4150: deletion of pointer to incomplete type 'Rendering::CompositeLightingMaterial'; no destructor called
C:\Users\Zhenya\Documents\GraphicsProgramming\EveryRay-Rendering-Engine\source\Library\PostProcessingStack.h(26): message : see declaration of 'Rendering::CompositeLightingMaterial'
C:\Users\Zhenya\Documents\GraphicsProgramming\EveryRay-Rendering-Engine\source\Library\PostProcessingStack.h(41,1): warning C4150: deletion of pointer to incomplete type 'Library::FullScreenQuad'; no destructor called
C:\Users\Zhenya\Documents\GraphicsProgramming\EveryRay-Rendering-Engine\source\Library\PostProcessingStack.h(12): message : see declaration of 'Library::FullScreenQuad'
C:\Users\Zhenya\Documents\GraphicsProgramming\EveryRay-Rendering-Engine\source\Library\PostProcessingStack.h(126,1): warning C4150: deletion of pointer to incomplete type 'Rendering::VignetteMaterial'; no destructor called
C:\Users\Zhenya\Documents\GraphicsProgramming\EveryRay-Rendering-Engine\source\Library\PostProcessingStack.h(19): message : see declaration of 'Rendering::VignetteMaterial'
C:\Users\Zhenya\Documents\GraphicsProgramming\EveryRay-Rendering-Engine\source\Library\PostProcessingStack.h(127,1): warning C4150: deletion of pointer to incomplete type 'Library::FullScreenQuad'; no destructor called
C:\Users\Zhenya\Documents\GraphicsProgramming\EveryRay-Rendering-Engine\source\Library\PostProcessingStack.h(12): message : see declaration of 'Library::FullScreenQuad'
C:\Users\Zhenya\Documents\GraphicsProgramming\EveryRay-Rendering-Engine\source\Library\PostProcessingStack.h(149,1): warning C4150: deletion of pointer to incomplete type 'Rendering::FXAAMaterial'; no destructor called
C:\Users\Zhenya\Documents\GraphicsProgramming\EveryRay-Rendering-Engine\source\Library\PostProcessingStack.h(22): message : see declaration of 'Rendering::FXAAMaterial'
C:\Users\Zhenya\Documents\GraphicsProgramming\EveryRay-Rendering-Engine\source\Library\PostProcessingStack.h(150,1): warning C4150: deletion of pointer to incomplete type 'Library::FullScreenQuad'; no destructor called
C:\Users\Zhenya\Documents\GraphicsProgramming\EveryRay-Rendering-Engine\source\Library\PostProcessingStack.h(12): message : see declaration of 'Library::FullScreenQuad'
C:\Users\Zhenya\Documents\GraphicsProgramming\EveryRay-Rendering-Engine\source\Library\PostProcessingStack.h(170,1): warning C4150: deletion of pointer to incomplete type 'Rendering::ColorGradingMaterial'; no destructor called
C:\Users\Zhenya\Documents\GraphicsProgramming\EveryRay-Rendering-Engine\source\Library\PostProcessingStack.h(20): message : see declaration of 'Rendering::ColorGradingMaterial'
C:\Users\Zhenya\Documents\GraphicsProgramming\EveryRay-Rendering-Engine\source\Library\PostProcessingStack.h(171,1): warning C4150: deletion of pointer to incomplete type 'Library::FullScreenQuad'; no destructor called
C:\Users\Zhenya\Documents\GraphicsProgramming\EveryRay-Rendering-Engine\source\Library\PostProcessingStack.h(12): message : see declaration of 'Library::FullScreenQuad'
C:\Users\Zhenya\Documents\GraphicsProgramming\EveryRay-Rendering-Engine\source\Library\PostProcessingStack.h(200,1): warning C4150: deletion of pointer to incomplete type 'Rendering::FogMaterial'; no destructor called
C:\Users\Zhenya\Documents\GraphicsProgramming\EveryRay-Rendering-Engine\source\Library\PostProcessingStack.h(23): message : see declaration of 'Rendering::FogMaterial'
C:\Users\Zhenya\Documents\GraphicsProgramming\EveryRay-Rendering-Engine\source\Library\PostProcessingStack.h(201,1): warning C4150: deletion of pointer to incomplete type 'Library::FullScreenQuad'; no destructor called
C:\Users\Zhenya\Documents\GraphicsProgramming\EveryRay-Rendering-Engine\source\Library\PostProcessingStack.h(12): message : see declaration of 'Library::FullScreenQuad'
C:\Users\Zhenya\Documents\GraphicsProgramming\EveryRay-Rendering-Engine\source\Library\PostProcessingStack.h(225,1): warning C4150: deletion of pointer to incomplete type 'Rendering::LightShaftsMaterial'; no destructor called
C:\Users\Zhenya\Documents\GraphicsProgramming\EveryRay-Rendering-Engine\source\Library\PostProcessingStack.h(25): message : see declaration of 'Rendering::LightShaftsMaterial'
C:\Users\Zhenya\Documents\GraphicsProgramming\EveryRay-Rendering-Engine\source\Library\PostProcessingStack.h(226,1): warning C4150: deletion of pointer to incomplete type 'Library::FullScreenQuad'; no destructor called
C:\Users\Zhenya\Documents\GraphicsProgramming\EveryRay-Rendering-Engine\source\Library\PostProcessingStack.h(12): message : see declaration of 'Library::FullScreenQuad'
C:\Users\Zhenya\Documents\GraphicsProgramming\EveryRay-Rendering-Engine\source\Library\PostProcessingStack.h(255,1): warning C4150: deletion of pointer to incomplete type 'Rendering::ScreenSpaceReflectionsMaterial'; no destructor called
C:\Users\Zhenya\Documents\GraphicsProgramming\EveryRay-Rendering-Engine\source\Library\PostProcessingStack.h(24): message : see declaration of 'Rendering::ScreenSpaceReflectionsMaterial'
C:\Users\Zhenya\Documents\GraphicsProgramming\EveryRay-Rendering-Engine\source\Library\PostProcessingStack.h(256,1): warning C4150: deletion of pointer to incomplete type 'Library::FullScreenQuad'; no destructor called
C:\Users\Zhenya\Documents\GraphicsProgramming\EveryRay-Rendering-Engine\source\Library\PostProcessingStack.h(12): message : see declaration of 'Library::FullScreenQuad'
C:\Users\Zhenya\Documents\GraphicsProgramming\EveryRay-Rendering-Engine\source\Library\PostProcessingStack.h(280,1): warning C4150: deletion of pointer to incomplete type 'Rendering::MotionBlurMaterial'; no destructor called
C:\Users\Zhenya\Documents\GraphicsProgramming\EveryRay-Rendering-Engine\source\Library\PostProcessingStack.h(21): message : see declaration of 'Rendering::MotionBlurMaterial'
C:\Users\Zhenya\Documents\GraphicsProgramming\EveryRay-Rendering-Engine\source\Library\PostProcessingStack.h(281,1): warning C4150: deletion of pointer to incomplete type 'Library::FullScreenQuad'; no destructor called
C:\Users\Zhenya\Documents\GraphicsProgramming\EveryRay-Rendering-Engine\source\Library\PostProcessingStack.h(12): message : see declaration of 'Library::FullScreenQuad'
C:\Users\Zhenya\Documents\GraphicsProgramming\EveryRay-Rendering-Engine\source\Library\Skybox.cpp(18,2): warning C4311: 'type cast': pointer truncation from 'unsigned int *' to 'unsigned int'
C:\Users\Zhenya\Documents\GraphicsProgramming\EveryRay-Rendering-Engine\source\Library\Skybox.cpp(18,2): warning C4302: 'type cast': truncation from 'unsigned int *' to 'unsigned int'
C:\Users\Zhenya\Documents\GraphicsProgramming\EveryRay-Rendering-Engine\source\Library\Skybox.cpp(65,39): warning C4267: '=': conversion from 'size_t' to 'UINT', possible loss of data
C:\Users\Zhenya\Documents\GraphicsProgramming\EveryRay-Rendering-Engine\source\Library\Skybox.cpp(117,197): warning C4244: 'argument': conversion from 'double' to 'float', possible loss of data
C:\Users\Zhenya\Documents\GraphicsProgramming\EveryRay-Rendering-Engine\source\Library\Skybox.cpp(230,15): warning C4244: 'initializing': conversion from 'double' to 'float', possible loss of data
C:\Users\Zhenya\Documents\GraphicsProgramming\EveryRay-Rendering-Engine\source\Library\Game.h(57,29): warning C4244: '=': conversion from '__int64' to '_Ty2', possible loss of data
          with
          [
              _Ty2=int
          ]
C:\Users\Zhenya\Documents\GraphicsProgramming\EveryRay-Rendering-Engine\source\Library\Skybox.cpp(32): message : see reference to function template instantiation 'std::pair<bool,int> Library::Game::FindInGameComponents<Library::Skybox*>(std::vector<Library::GameComponent *,std::allocator<Library::GameComponent *>> &,const T &)' being compiled
          with
          [
              T=Library::Skybox *
          ]
  Terrain.cpp
C:\Users\Zhenya\Documents\GraphicsProgramming\EveryRay-Rendering-Engine\source\Library\PostProcessingStack.h(40,1): warning C4150: deletion of pointer to incomplete type 'Rendering::CompositeLightingMaterial'; no destructor called
C:\Users\Zhenya\Documents\GraphicsProgramming\EveryRay-Rendering-Engine\source\Library\PostProcessingStack.h(26): message : see declaration of 'Rendering::CompositeLightingMaterial'
C:\Users\Zhenya\Documents\GraphicsProgramming\EveryRay-Rendering-Engine\source\Library\PostProcessingStack.h(41,1): warning C4150: deletion of pointer to incomplete type 'Library::FullScreenQuad'; no destructor called
C:\Users\Zhenya\Documents\GraphicsProgramming\EveryRay-Rendering-Engine\source\Library\PostProcessingStack.h(12): message : see declaration of 'Library::FullScreenQuad'
C:\Users\Zhenya\Documents\GraphicsProgramming\EveryRay-Rendering-Engine\source\Library\PostProcessingStack.h(126,1): warning C4150: deletion of pointer to incomplete type 'Rendering::VignetteMaterial'; no destructor called
C:\Users\Zhenya\Documents\GraphicsProgramming\EveryRay-Rendering-Engine\source\Library\PostProcessingStack.h(19): message : see declaration of 'Rendering::VignetteMaterial'
C:\Users\Zhenya\Documents\GraphicsProgramming\EveryRay-Rendering-Engine\source\Library\PostProcessingStack.h(127,1): warning C4150: deletion of pointer to incomplete type 'Library::FullScreenQuad'; no destructor called
C:\Users\Zhenya\Documents\GraphicsProgramming\EveryRay-Rendering-Engine\source\Library\PostProcessingStack.h(12): message : see declaration of 'Library::FullScreenQuad'
C:\Users\Zhenya\Documents\GraphicsProgramming\EveryRay-Rendering-Engine\source\Library\PostProcessingStack.h(149,1): warning C4150: deletion of pointer to incomplete type 'Rendering::FXAAMaterial'; no destructor called
C:\Users\Zhenya\Documents\GraphicsProgramming\EveryRay-Rendering-Engine\source\Library\PostProcessingStack.h(22): message : see declaration of 'Rendering::FXAAMaterial'
C:\Users\Zhenya\Documents\GraphicsProgramming\EveryRay-Rendering-Engine\source\Library\PostProcessingStack.h(150,1): warning C4150: deletion of pointer to incomplete type 'Library::FullScreenQuad'; no destructor called
C:\Users\Zhenya\Documents\GraphicsProgramming\EveryRay-Rendering-Engine\source\Library\PostProcessingStack.h(12): message : see declaration of 'Library::FullScreenQuad'
C:\Users\Zhenya\Documents\GraphicsProgramming\EveryRay-Rendering-Engine\source\Library\PostProcessingStack.h(170,1): warning C4150: deletion of pointer to incomplete type 'Rendering::ColorGradingMaterial'; no destructor called
C:\Users\Zhenya\Documents\GraphicsProgramming\EveryRay-Rendering-Engine\source\Library\PostProcessingStack.h(20): message : see declaration of 'Rendering::ColorGradingMaterial'
C:\Users\Zhenya\Documents\GraphicsProgramming\EveryRay-Rendering-Engine\source\Library\PostProcessingStack.h(171,1): warning C4150: deletion of pointer to incomplete type 'Library::FullScreenQuad'; no destructor called
C:\Users\Zhenya\Documents\GraphicsProgramming\EveryRay-Rendering-Engine\source\Library\PostProcessingStack.h(12): message : see declaration of 'Library::FullScreenQuad'
C:\Users\Zhenya\Documents\GraphicsProgramming\EveryRay-Rendering-Engine\source\Library\PostProcessingStack.h(200,1): warning C4150: deletion of pointer to incomplete type 'Rendering::FogMaterial'; no destructor called
C:\Users\Zhenya\Documents\GraphicsProgramming\EveryRay-Rendering-Engine\source\Library\PostProcessingStack.h(23): message : see declaration of 'Rendering::FogMaterial'
C:\Users\Zhenya\Documents\GraphicsProgramming\EveryRay-Rendering-Engine\source\Library\PostProcessingStack.h(201,1): warning C4150: deletion of pointer to incomplete type 'Library::FullScreenQuad'; no destructor called
C:\Users\Zhenya\Documents\GraphicsProgramming\EveryRay-Rendering-Engine\source\Library\PostProcessingStack.h(12): message : see declaration of 'Library::FullScreenQuad'
C:\Users\Zhenya\Documents\GraphicsProgramming\EveryRay-Rendering-Engine\source\Library\PostProcessingStack.h(225,1): warning C4150: deletion of pointer to incomplete type 'Rendering::LightShaftsMaterial'; no destructor called
C:\Users\Zhenya\Documents\GraphicsProgramming\EveryRay-Rendering-Engine\source\Library\PostProcessingStack.h(25): message : see declaration of 'Rendering::LightShaftsMaterial'
C:\Users\Zhenya\Documents\GraphicsProgramming\EveryRay-Rendering-Engine\source\Library\PostProcessingStack.h(226,1): warning C4150: deletion of pointer to incomplete type 'Library::FullScreenQuad'; no destructor called
C:\Users\Zhenya\Documents\GraphicsProgramming\EveryRay-Rendering-Engine\source\Library\PostProcessingStack.h(12): message : see declaration of 'Library::FullScreenQuad'
C:\Users\Zhenya\Documents\GraphicsProgramming\EveryRay-Rendering-Engine\source\Library\PostProcessingStack.h(255,1): warning C4150: deletion of pointer to incomplete type 'Rendering::ScreenSpaceReflectionsMaterial'; no destructor called
C:\Users\Zhenya\Documents\GraphicsProgramming\EveryRay-Rendering-Engine\source\Library\PostProcessingStack.h(24): message : see declaration of 'Rendering::ScreenSpaceReflectionsMaterial'
C:\Users\Zhenya\Documents\GraphicsProgramming\EveryRay-Rendering-Engine\source\Library\PostProcessingStack.h(256,1): warning C4150: deletion of pointer to incomplete type 'Library::FullScreenQuad'; no destructor called
C:\Users\Zhenya\Documents\GraphicsProgramming\EveryRay-Rendering-Engine\source\Library\PostProcessingStack.h(12): message : see declaration of 'Library::FullScreenQuad'
C:\Users\Zhenya\Documents\GraphicsProgramming\EveryRay-Rendering-Engine\source\Library\PostProcessingStack.h(280,1): warning C4150: deletion of pointer to incomplete type 'Rendering::MotionBlurMaterial'; no destructor called
C:\Users\Zhenya\Documents\GraphicsProgramming\EveryRay-Rendering-Engine\source\Library\PostProcessingStack.h(21): message : see declaration of 'Rendering::MotionBlurMaterial'
C:\Users\Zhenya\Documents\GraphicsProgramming\EveryRay-Rendering-Engine\source\Library\PostProcessingStack.h(281,1): warning C4150: deletion of pointer to incomplete type 'Library::FullScreenQuad'; no destructor called
C:\Users\Zhenya\Documents\GraphicsProgramming\EveryRay-Rendering-Engine\source\Library\PostProcessingStack.h(12): message : see declaration of 'Library::FullScreenQuad'
C:\Users\Zhenya\Documents\GraphicsProgramming\EveryRay-Rendering-Engine\source\Library\Terrain.h(89,82): warning C4244: '=': conversion from 'float' to 'int', possible loss of data
C:\Users\Zhenya\Documents\GraphicsProgramming\EveryRay-Rendering-Engine\source\Library\Terrain.cpp(52,20): warning C4244: 'initializing': conversion from 'double' to 'int', possible loss of data
C:\Users\Zhenya\Documents\GraphicsProgramming\EveryRay-Rendering-Engine\source\Library\Terrain.cpp(99,20): warning C4244: 'initializing': conversion from 'double' to 'int', possible loss of data
C:\Users\Zhenya\Documents\GraphicsProgramming\EveryRay-Rendering-Engine\source\Library\Terrain.cpp(125,20): warning C4244: 'initializing': conversion from 'double' to 'int', possible loss of data
C:\Users\Zhenya\Documents\GraphicsProgramming\EveryRay-Rendering-Engine\source\Library\Terrain.cpp(149,17): warning C4244: 'initializing': conversion from 'double' to 'int', possible loss of data
C:\Users\Zhenya\Documents\GraphicsProgramming\EveryRay-Rendering-Engine\source\Library\Terrain.cpp(163,17): warning C4244: 'initializing': conversion from 'double' to 'int', possible loss of data
C:\Users\Zhenya\Documents\GraphicsProgramming\EveryRay-Rendering-Engine\source\Library\Terrain.cpp(177,17): warning C4244: 'initializing': conversion from 'double' to 'int', possible loss of data
C:\Users\Zhenya\Documents\GraphicsProgramming\EveryRay-Rendering-Engine\source\Library\Terrain.cpp(512,17): warning C4244: 'initializing': conversion from 'double' to 'int', possible loss of data
C:\Users\Zhenya\Documents\GraphicsProgramming\EveryRay-Rendering-Engine\source\Library\Terrain.cpp(517,137): warning C4244: 'argument': conversion from 'int' to 'float', possible loss of data
C:\Users\Zhenya\Documents\GraphicsProgramming\EveryRay-Rendering-Engine\source\Library\Terrain.cpp(517,86): warning C4244: 'argument': conversion from 'int' to 'float', possible loss of data
C:\Users\Zhenya\Documents\GraphicsProgramming\EveryRay-Rendering-Engine\source\Library\Terrain.cpp(546,138): warning C4244: 'argument': conversion from 'int' to 'float', possible loss of data
C:\Users\Zhenya\Documents\GraphicsProgramming\EveryRay-Rendering-Engine\source\Library\Terrain.cpp(546,88): warning C4244: 'argument': conversion from 'int' to 'float', possible loss of data
C:\Users\Zhenya\Documents\GraphicsProgramming\EveryRay-Rendering-Engine\source\Library\Terrain.cpp(555,85): warning C4244: '=': conversion from 'int' to 'float', possible loss of data
C:\Users\Zhenya\Documents\GraphicsProgramming\EveryRay-Rendering-Engine\source\Library\Terrain.cpp(556,85): warning C4244: '=': conversion from 'int' to 'float', possible loss of data
C:\Users\Zhenya\Documents\GraphicsProgramming\EveryRay-Rendering-Engine\source\Library\Terrain.cpp(620,61): warning C4244: 'argument': conversion from 'double' to 'const unsigned __int64', possible loss of data
C:\Users\Zhenya\Documents\GraphicsProgramming\EveryRay-Rendering-Engine\source\Library\Terrain.cpp(621,61): warning C4244: 'argument': conversion from 'double' to 'const unsigned __int64', possible loss of data
C:\Users\Zhenya\Documents\GraphicsProgramming\EveryRay-Rendering-Engine\source\Library\Terrain.cpp(622,61): warning C4244: 'argument': conversion from 'double' to 'const unsigned __int64', possible loss of data
C:\Users\Zhenya\Documents\GraphicsProgramming\EveryRay-Rendering-Engine\source\Library\Terrain.cpp(623,61): warning C4244: 'argument': conversion from 'double' to 'const unsigned __int64', possible loss of data
C:\Users\Zhenya\Documents\GraphicsProgramming\EveryRay-Rendering-Engine\source\Library\Terrain.cpp(624,61): warning C4244: 'argument': conversion from 'double' to 'const unsigned __int64', possible loss of data
C:\Users\Zhenya\Documents\GraphicsProgramming\EveryRay-Rendering-Engine\source\Library\Terrain.cpp(625,61): warning C4244: 'argument': conversion from 'double' to 'const unsigned __int64', possible loss of data
C:\Users\Zhenya\Documents\GraphicsProgramming\EveryRay-Rendering-Engine\source\Library\Terrain.cpp(626,61): warning C4244: 'argument': conversion from 'double' to 'const unsigned __int64', possible loss of data
C:\Users\Zhenya\Documents\GraphicsProgramming\EveryRay-Rendering-Engine\source\Library\Terrain.cpp(627,61): warning C4244: 'argument': conversion from 'double' to 'const unsigned __int64', possible loss of data
C:\Users\Zhenya\Documents\GraphicsProgramming\EveryRay-Rendering-Engine\source\Library\Terrain.cpp(628,61): warning C4244: 'argument': conversion from 'double' to 'const unsigned __int64', possible loss of data
C:\Users\Zhenya\Documents\GraphicsProgramming\EveryRay-Rendering-Engine\source\Library\Terrain.cpp(717,48): warning C4244: 'argument': conversion from 'double' to 'const unsigned __int64', possible loss of data
C:\Users\Zhenya\Documents\GraphicsProgramming\EveryRay-Rendering-Engine\source\Library\Terrain.cpp(718,48): warning C4244: 'argument': conversion from 'double' to 'const unsigned __int64', possible loss of data
C:\Users\Zhenya\Documents\GraphicsProgramming\EveryRay-Rendering-Engine\source\Library\Terrain.cpp(719,48): warning C4244: 'argument': conversion from 'double' to 'const unsigned __int64', possible loss of data
C:\Users\Zhenya\Documents\GraphicsProgramming\EveryRay-Rendering-Engine\source\Library\Terrain.cpp(757,48): warning C4244: 'argument': conversion from 'double' to 'const unsigned __int64', possible loss of data
C:\Users\Zhenya\Documents\GraphicsProgramming\EveryRay-Rendering-Engine\source\Library\Terrain.cpp(758,48): warning C4244: 'argument': conversion from 'double' to 'const unsigned __int64', possible loss of data
C:\Users\Zhenya\Documents\GraphicsProgramming\EveryRay-Rendering-Engine\source\Library\Terrain.cpp(759,48): warning C4244: 'argument': conversion from 'double' to 'const unsigned __int64', possible loss of data
C:\Users\Zhenya\Documents\GraphicsProgramming\EveryRay-Rendering-Engine\source\Library\Terrain.cpp(760,48): warning C4244: 'argument': conversion from 'double' to 'const unsigned __int64', possible loss of data
C:\Users\Zhenya\Documents\GraphicsProgramming\EveryRay-Rendering-Engine\source\Library\Terrain.cpp(812,15): warning C4101: 'index2': unreferenced local variable
C:\Users\Zhenya\Documents\GraphicsProgramming\EveryRay-Rendering-Engine\source\Library\Terrain.cpp(812,23): warning C4101: 'index3': unreferenced local variable
C:\Users\Zhenya\Documents\GraphicsProgramming\EveryRay-Rendering-Engine\source\Library\Terrain.cpp(808,45): warning C4101: 'vector1': unreferenced local variable
C:\Users\Zhenya\Documents\GraphicsProgramming\EveryRay-Rendering-Engine\source\Library\Terrain.cpp(808,57): warning C4101: 'vector2': unreferenced local variable
C:\Users\Zhenya\Documents\GraphicsProgramming\EveryRay-Rendering-Engine\source\Library\Terrain.cpp(812,7): warning C4101: 'index1': unreferenced local variable
C:\Users\Zhenya\Documents\GraphicsProgramming\EveryRay-Rendering-Engine\source\Library\Terrain.cpp(841,34): warning C4305: 'initializing': truncation from 'double' to 'float'
C:\Users\Zhenya\Documents\GraphicsProgramming\EveryRay-Rendering-Engine\source\Library\Terrain.cpp(856,11): warning C4244: 'initializing': conversion from 'double' to 'float', possible loss of data
  VolumetricClouds.cpp
C:\Users\Zhenya\Documents\GraphicsProgramming\EveryRay-Rendering-Engine\source\Library\PostProcessingStack.h(40,1): warning C4150: deletion of pointer to incomplete type 'Rendering::CompositeLightingMaterial'; no destructor called
C:\Users\Zhenya\Documents\GraphicsProgramming\EveryRay-Rendering-Engine\source\Library\PostProcessingStack.h(26): message : see declaration of 'Rendering::CompositeLightingMaterial'
C:\Users\Zhenya\Documents\GraphicsProgramming\EveryRay-Rendering-Engine\source\Library\PostProcessingStack.h(41,1): warning C4150: deletion of pointer to incomplete type 'Library::FullScreenQuad'; no destructor called
C:\Users\Zhenya\Documents\GraphicsProgramming\EveryRay-Rendering-Engine\source\Library\PostProcessingStack.h(12): message : see declaration of 'Library::FullScreenQuad'
C:\Users\Zhenya\Documents\GraphicsProgramming\EveryRay-Rendering-Engine\source\Library\PostProcessingStack.h(126,1): warning C4150: deletion of pointer to incomplete type 'Rendering::VignetteMaterial'; no destructor called
C:\Users\Zhenya\Documents\GraphicsProgramming\EveryRay-Rendering-Engine\source\Library\PostProcessingStack.h(19): message : see declaration of 'Rendering::VignetteMaterial'
C:\Users\Zhenya\Documents\GraphicsProgramming\EveryRay-Rendering-Engine\source\Library\PostProcessingStack.h(127,1): warning C4150: deletion of pointer to incomplete type 'Library::FullScreenQuad'; no destructor called
C:\Users\Zhenya\Documents\GraphicsProgramming\EveryRay-Rendering-Engine\source\Library\PostProcessingStack.h(12): message : see declaration of 'Library::FullScreenQuad'
C:\Users\Zhenya\Documents\GraphicsProgramming\EveryRay-Rendering-Engine\source\Library\PostProcessingStack.h(149,1): warning C4150: deletion of pointer to incomplete type 'Rendering::FXAAMaterial'; no destructor called
C:\Users\Zhenya\Documents\GraphicsProgramming\EveryRay-Rendering-Engine\source\Library\PostProcessingStack.h(22): message : see declaration of 'Rendering::FXAAMaterial'
C:\Users\Zhenya\Documents\GraphicsProgramming\EveryRay-Rendering-Engine\source\Library\PostProcessingStack.h(150,1): warning C4150: deletion of pointer to incomplete type 'Library::FullScreenQuad'; no destructor called
C:\Users\Zhenya\Documents\GraphicsProgramming\EveryRay-Rendering-Engine\source\Library\PostProcessingStack.h(12): message : see declaration of 'Library::FullScreenQuad'
C:\Users\Zhenya\Documents\GraphicsProgramming\EveryRay-Rendering-Engine\source\Library\PostProcessingStack.h(170,1): warning C4150: deletion of pointer to incomplete type 'Rendering::ColorGradingMaterial'; no destructor called
C:\Users\Zhenya\Documents\GraphicsProgramming\EveryRay-Rendering-Engine\source\Library\PostProcessingStack.h(20): message : see declaration of 'Rendering::ColorGradingMaterial'
C:\Users\Zhenya\Documents\GraphicsProgramming\EveryRay-Rendering-Engine\source\Library\PostProcessingStack.h(171,1): warning C4150: deletion of pointer to incomplete type 'Library::FullScreenQuad'; no destructor called
C:\Users\Zhenya\Documents\GraphicsProgramming\EveryRay-Rendering-Engine\source\Library\PostProcessingStack.h(12): message : see declaration of 'Library::FullScreenQuad'
C:\Users\Zhenya\Documents\GraphicsProgramming\EveryRay-Rendering-Engine\source\Library\PostProcessingStack.h(200,1): warning C4150: deletion of pointer to incomplete type 'Rendering::FogMaterial'; no destructor called
C:\Users\Zhenya\Documents\GraphicsProgramming\EveryRay-Rendering-Engine\source\Library\PostProcessingStack.h(23): message : see declaration of 'Rendering::FogMaterial'
C:\Users\Zhenya\Documents\GraphicsProgramming\EveryRay-Rendering-Engine\source\Library\PostProcessingStack.h(201,1): warning C4150: deletion of pointer to incomplete type 'Library::FullScreenQuad'; no destructor called
C:\Users\Zhenya\Documents\GraphicsProgramming\EveryRay-Rendering-Engine\source\Library\PostProcessingStack.h(12): message : see declaration of 'Library::FullScreenQuad'
C:\Users\Zhenya\Documents\GraphicsProgramming\EveryRay-Rendering-Engine\source\Library\PostProcessingStack.h(225,1): warning C4150: deletion of pointer to incomplete type 'Rendering::LightShaftsMaterial'; no destructor called
C:\Users\Zhenya\Documents\GraphicsProgramming\EveryRay-Rendering-Engine\source\Library\PostProcessingStack.h(25): message : see declaration of 'Rendering::LightShaftsMaterial'
C:\Users\Zhenya\Documents\GraphicsProgramming\EveryRay-Rendering-Engine\source\Library\PostProcessingStack.h(226,1): warning C4150: deletion of pointer to incomplete type 'Library::FullScreenQuad'; no destructor called
C:\Users\Zhenya\Documents\GraphicsProgramming\EveryRay-Rendering-Engine\source\Library\PostProcessingStack.h(12): message : see declaration of 'Library::FullScreenQuad'
C:\Users\Zhenya\Documents\GraphicsProgramming\EveryRay-Rendering-Engine\source\Library\PostProcessingStack.h(255,1): warning C4150: deletion of pointer to incomplete type 'Rendering::ScreenSpaceReflectionsMaterial'; no destructor called
C:\Users\Zhenya\Documents\GraphicsProgramming\EveryRay-Rendering-Engine\source\Library\PostProcessingStack.h(24): message : see declaration of 'Rendering::ScreenSpaceReflectionsMaterial'
C:\Users\Zhenya\Documents\GraphicsProgramming\EveryRay-Rendering-Engine\source\Library\PostProcessingStack.h(256,1): warning C4150: deletion of pointer to incomplete type 'Library::FullScreenQuad'; no destructor called
C:\Users\Zhenya\Documents\GraphicsProgramming\EveryRay-Rendering-Engine\source\Library\PostProcessingStack.h(12): message : see declaration of 'Library::FullScreenQuad'
C:\Users\Zhenya\Documents\GraphicsProgramming\EveryRay-Rendering-Engine\source\Library\PostProcessingStack.h(280,1): warning C4150: deletion of pointer to incomplete type 'Rendering::MotionBlurMaterial'; no destructor called
C:\Users\Zhenya\Documents\GraphicsProgramming\EveryRay-Rendering-Engine\source\Library\PostProcessingStack.h(21): message : see declaration of 'Rendering::MotionBlurMaterial'
C:\Users\Zhenya\Documents\GraphicsProgramming\EveryRay-Rendering-Engine\source\Library\PostProcessingStack.h(281,1): warning C4150: deletion of pointer to incomplete type 'Library::FullScreenQuad'; no destructor called
C:\Users\Zhenya\Documents\GraphicsProgramming\EveryRay-Rendering-Engine\source\Library\PostProcessingStack.h(12): message : see declaration of 'Library::FullScreenQuad'
C:\Users\Zhenya\Documents\GraphicsProgramming\EveryRay-Rendering-Engine\source\Library\VolumetricClouds.cpp(132,92): warning C4244: 'argument': conversion from 'int' to 'float', possible loss of data
C:\Users\Zhenya\Documents\GraphicsProgramming\EveryRay-Rendering-Engine\source\Library\VolumetricClouds.cpp(132,69): warning C4244: 'argument': conversion from 'int' to 'float', possible loss of data
ColorHelper.obj : warning LNK4006: "public: static struct DirectX::XMVECTORF32 const Library::ColorHelper::Black" (?Black@ColorHelper@Library@@2UXMVECTORF32@DirectX@@B) already defined in FpsComponent.obj; second definition ignored
ColorHelper.obj : warning LNK4006: "public: static struct DirectX::XMVECTORF32 const Library::ColorHelper::Yellow" (?Yellow@ColorHelper@Library@@2UXMVECTORF32@DirectX@@B) already defined in FpsComponent.obj; second definition ignored
ColorHelper.obj : warning LNK4006: "public: static struct DirectX::XMVECTORF32 const Library::ColorHelper::Blue" (?Blue@ColorHelper@Library@@2UXMVECTORF32@DirectX@@B) already defined in FpsComponent.obj; second definition ignored
ColorHelper.obj : warning LNK4006: "private: static class std::uniform_real_distribution<float> Library::ColorHelper::sDistribution" (?sDistribution@ColorHelper@Library@@0V?$uniform_real_distribution@M@std@@A) already defined in FpsComponent.obj; second definition ignored
ColorHelper.obj : warning LNK4006: "public: static struct DirectX::XMVECTORF32 const Library::ColorHelper::White" (?White@ColorHelper@Library@@2UXMVECTORF32@DirectX@@B) already defined in FpsComponent.obj; second definition ignored
ColorHelper.obj : warning LNK4006: "public: static struct DirectX::XMVECTORF32 const Library::ColorHelper::Purple" (?Purple@ColorHelper@Library@@2UXMVECTORF32@DirectX@@B) already defined in FpsComponent.obj; second definition ignored
ColorHelper.obj : warning LNK4006: "public: static struct DirectX::XMVECTORF32 const Library::ColorHelper::Wheat" (?Wheat@ColorHelper@Library@@2UXMVECTORF32@DirectX@@B) already defined in FpsComponent.obj; second definition ignored
ColorHelper.obj : warning LNK4006: "public: static struct DirectX::XMVECTORF32 const Library::ColorHelper::Red" (?Red@ColorHelper@Library@@2UXMVECTORF32@DirectX@@B) already defined in FpsComponent.obj; second definition ignored
ColorHelper.obj : warning LNK4006: "public: static struct DirectX::XMVECTORF32 const Library::ColorHelper::CornflowerBlue" (?CornflowerBlue@ColorHelper@Library@@2UXMVECTORF32@DirectX@@B) already defined in FpsComponent.obj; second definition ignored
ColorHelper.obj : warning LNK4006: "private: static class std::random_device Library::ColorHelper::sDevice" (?sDevice@ColorHelper@Library@@0Vrandom_device@std@@A) already defined in FpsComponent.obj; second definition ignored
ColorHelper.obj : warning LNK4006: "public: static struct DirectX::XMVECTORF32 const Library::ColorHelper::Green" (?Green@ColorHelper@Library@@2UXMVECTORF32@DirectX@@B) already defined in FpsComponent.obj; second definition ignored
ColorHelper.obj : warning LNK4006: "public: static struct DirectX::XMVECTORF32 const Library::ColorHelper::BlueGreen" (?BlueGreen@ColorHelper@Library@@2UXMVECTORF32@DirectX@@B) already defined in FpsComponent.obj; second definition ignored
ColorHelper.obj : warning LNK4006: "public: static struct DirectX::XMVECTORF32 const Library::ColorHelper::Orange" (?Orange@ColorHelper@Library@@2UXMVECTORF32@DirectX@@B) already defined in FpsComponent.obj; second definition ignored
ColorHelper.obj : warning LNK4006: "public: static struct DirectX::XMVECTORF32 const Library::ColorHelper::LightGray" (?LightGray@ColorHelper@Library@@2UXMVECTORF32@DirectX@@B) already defined in FpsComponent.obj; second definition ignored
ColorHelper.obj : warning LNK4006: "private: static class std::mersenne_twister_engine<unsigned int,32,624,397,31,2567483615,11,4294967295,7,2636928640,15,4022730752,18,1812433253> Library::ColorHelper::sGenerator" (?sGenerator@ColorHelper@Library@@0V?$mersenne_twister_engine@I$0CA@$0CHA@$0BIN@$0BP@$0JJAILANP@$0L@$0PPPPPPPP@$06$0JNCMFGIA@$0P@$0OPMGAAAA@$0BC@$0GMAHIJGF@@std@@A) already defined in FpsComponent.obj; second definition ignored
ColorHelper.obj : warning LNK4006: "public: static struct DirectX::XMVECTORF32 __cdecl Library::ColorHelper::RandomColor(void)" (?RandomColor@ColorHelper@Library@@SA?AUXMVECTORF32@DirectX@@XZ) already defined in FpsComponent.obj; second definition ignored
  Library.vcxproj -> C:\Users\Zhenya\Documents\GraphicsProgramming\EveryRay-Rendering-Engine\bin\x64\Release\Library.lib
