c:\users\zhenya\documents\graphicsprogramming\everyray-rendering-engine\source\library\release\library.pdb
c:\users\zhenya\documents\graphicsprogramming\everyray-rendering-engine\source\library\release\projector.obj
c:\users\zhenya\documents\graphicsprogramming\everyray-rendering-engine\source\library\release\postprocessingstack.obj
c:\users\zhenya\documents\graphicsprogramming\everyray-rendering-engine\source\library\release\pass.obj
c:\users\zhenya\documents\graphicsprogramming\everyray-rendering-engine\source\library\release\oceansimulator.obj
c:\users\zhenya\documents\graphicsprogramming\everyray-rendering-engine\source\library\release\mouse.obj
c:\users\zhenya\documents\graphicsprogramming\everyray-rendering-engine\source\library\release\model.obj
c:\users\zhenya\documents\graphicsprogramming\everyray-rendering-engine\source\library\release\mesh.obj
c:\users\zhenya\documents\graphicsprogramming\everyray-rendering-engine\source\library\release\keyboard.obj
c:\users\zhenya\documents\graphicsprogramming\everyray-rendering-engine\source\library\release\iblradiancemap.obj
c:\users\zhenya\documents\graphicsprogramming\everyray-rendering-engine\source\library\release\grid.obj
c:\users\zhenya\documents\graphicsprogramming\everyray-rendering-engine\source\library\release\game.obj
c:\users\zhenya\documents\graphicsprogramming\everyray-rendering-engine\source\library\release\gbuffer.obj
c:\users\zhenya\documents\graphicsprogramming\everyray-rendering-engine\source\library\release\fullscreenrendertarget.obj
c:\users\zhenya\documents\graphicsprogramming\everyray-rendering-engine\source\library\release\fullscreenquad.obj
c:\users\zhenya\documents\graphicsprogramming\everyray-rendering-engine\source\library\release\firstpersoncamera.obj
c:\users\zhenya\documents\graphicsprogramming\everyray-rendering-engine\source\library\release\fastfouriertransform.obj
c:\users\zhenya\documents\graphicsprogramming\everyray-rendering-engine\source\library\release\effect.obj
c:\users\zhenya\documents\graphicsprogramming\everyray-rendering-engine\source\library\release\depthmap.obj
c:\users\zhenya\documents\graphicsprogramming\everyray-rendering-engine\source\library\release\colorhelper.obj
c:\users\zhenya\documents\graphicsprogramming\everyray-rendering-engine\source\library\release\camera.obj
c:\users\zhenya\documents\graphicsprogramming\everyray-rendering-engine\source\library\release\technique.obj
c:\users\zhenya\documents\graphicsprogramming\everyray-rendering-engine\source\library\release\skybox.obj
c:\users\zhenya\documents\graphicsprogramming\everyray-rendering-engine\source\library\release\renderingobject.obj
c:\users\zhenya\documents\graphicsprogramming\everyray-rendering-engine\source\library\release\renderableobb.obj
c:\users\zhenya\documents\graphicsprogramming\everyray-rendering-engine\source\library\release\renderablefrustum.obj
c:\users\zhenya\documents\graphicsprogramming\everyray-rendering-engine\source\library\release\renderableaabb.obj
c:\users\zhenya\documents\graphicsprogramming\everyray-rendering-engine\source\library\release\rendertarget.obj
c:\users\zhenya\documents\graphicsprogramming\everyray-rendering-engine\source\library\release\renderstatehelper.obj
c:\users\zhenya\documents\graphicsprogramming\everyray-rendering-engine\source\library\release\proxymodel.obj
c:\users\zhenya\documents\graphicsprogramming\everyray-rendering-engine\source\library\release\depthtarget.obj
c:\users\zhenya\documents\graphicsprogramming\everyray-rendering-engine\source\library\release\screenspacereflectionsmaterial.obj
c:\users\zhenya\documents\graphicsprogramming\everyray-rendering-engine\source\library\release\deferredmaterial.obj
c:\users\zhenya\documents\graphicsprogramming\everyray-rendering-engine\source\library\release\skinshadingscattermaterial.obj
c:\users\zhenya\documents\graphicsprogramming\everyray-rendering-engine\source\library\release\skinshadingcolormaterial.obj
c:\users\zhenya\documents\graphicsprogramming\everyray-rendering-engine\source\library\release\shadowmappingmaterial.obj
c:\users\zhenya\documents\graphicsprogramming\everyray-rendering-engine\source\library\release\shadowmappingdirectionalmaterial.obj
c:\users\zhenya\documents\graphicsprogramming\everyray-rendering-engine\source\library\release\postprocessingmaterial.obj
c:\users\zhenya\documents\graphicsprogramming\everyray-rendering-engine\source\library\release\pointlightingmaterial.obj
c:\users\zhenya\documents\graphicsprogramming\everyray-rendering-engine\source\library\release\pbrmaterial.obj
c:\users\zhenya\documents\graphicsprogramming\everyray-rendering-engine\source\library\release\normalmappingmaterial.obj
c:\users\zhenya\documents\graphicsprogramming\everyray-rendering-engine\source\library\release\instancingmaterial.obj
c:\users\zhenya\documents\graphicsprogramming\everyray-rendering-engine\source\library\release\environmentmappingmaterial.obj
c:\users\zhenya\documents\graphicsprogramming\everyray-rendering-engine\source\library\release\diffuselightingmaterial.obj
c:\users\zhenya\documents\graphicsprogramming\everyray-rendering-engine\source\library\release\ambientlightingmaterial.obj
c:\users\zhenya\documents\graphicsprogramming\everyray-rendering-engine\source\library\release\standardlightingmaterial.obj
c:\users\zhenya\documents\graphicsprogramming\everyray-rendering-engine\source\library\release\skyboxmaterial.obj
c:\users\zhenya\documents\graphicsprogramming\everyray-rendering-engine\source\library\release\library.pch
c:\users\zhenya\documents\graphicsprogramming\everyray-rendering-engine\source\library\release\stdafx.obj
c:\users\zhenya\documents\graphicsprogramming\everyray-rendering-engine\source\library\release\iblcubemapface.obj
c:\users\zhenya\documents\graphicsprogramming\everyray-rendering-engine\source\library\release\iblcubemap.obj
c:\users\zhenya\documents\graphicsprogramming\everyray-rendering-engine\source\library\release\gametime.obj
c:\users\zhenya\documents\graphicsprogramming\everyray-rendering-engine\source\library\release\gameexception.obj
c:\users\zhenya\documents\graphicsprogramming\everyray-rendering-engine\source\library\release\gamecomponent.obj
c:\users\zhenya\documents\graphicsprogramming\everyray-rendering-engine\source\library\release\gameclock.obj
c:\users\zhenya\documents\graphicsprogramming\everyray-rendering-engine\source\library\release\frustum.obj
c:\users\zhenya\documents\graphicsprogramming\everyray-rendering-engine\source\library\release\fpscomponent.obj
c:\users\zhenya\documents\graphicsprogramming\everyray-rendering-engine\source\library\release\fxaamaterial.obj
c:\users\zhenya\documents\graphicsprogramming\everyray-rendering-engine\source\library\release\drawablegamecomponent.obj
c:\users\zhenya\documents\graphicsprogramming\everyray-rendering-engine\source\library\release\basicmaterial.obj
c:\users\zhenya\documents\graphicsprogramming\everyray-rendering-engine\source\library\release\pointlight.obj
c:\users\zhenya\documents\graphicsprogramming\everyray-rendering-engine\source\library\release\octreestructure.obj
c:\users\zhenya\documents\graphicsprogramming\everyray-rendering-engine\source\library\release\motionblurmaterial.obj
c:\users\zhenya\documents\graphicsprogramming\everyray-rendering-engine\source\library\release\modelmaterial.obj
c:\users\zhenya\documents\graphicsprogramming\everyray-rendering-engine\source\library\release\matrixhelper.obj
c:\users\zhenya\documents\graphicsprogramming\everyray-rendering-engine\source\library\release\material.obj
c:\users\zhenya\documents\graphicsprogramming\everyray-rendering-engine\source\library\release\light.obj
c:\users\zhenya\documents\graphicsprogramming\everyray-rendering-engine\source\library\release\servicecontainer.obj
c:\users\zhenya\documents\graphicsprogramming\everyray-rendering-engine\source\library\release\samplerstates.obj
c:\users\zhenya\documents\graphicsprogramming\everyray-rendering-engine\source\library\release\ray.obj
c:\users\zhenya\documents\graphicsprogramming\everyray-rendering-engine\source\library\release\rasterizerstates.obj
c:\users\zhenya\documents\graphicsprogramming\everyray-rendering-engine\source\library\release\quadrenderer.obj
c:\users\zhenya\documents\graphicsprogramming\everyray-rendering-engine\source\library\release\vignettematerial.obj
c:\users\zhenya\documents\graphicsprogramming\everyray-rendering-engine\source\library\release\vectorhelper.obj
c:\users\zhenya\documents\graphicsprogramming\everyray-rendering-engine\source\library\release\variable.obj
c:\users\zhenya\documents\graphicsprogramming\everyray-rendering-engine\source\library\release\utility.obj
c:\users\zhenya\documents\graphicsprogramming\everyray-rendering-engine\source\library\release\tgatextureloader.obj
c:\users\zhenya\documents\graphicsprogramming\everyray-rendering-engine\source\library\release\spotlight.obj
c:\users\zhenya\documents\graphicsprogramming\everyray-rendering-engine\source\library\release\spatialelement.obj
c:\users\zhenya\documents\graphicsprogramming\everyray-rendering-engine\source\library\release\directionallight.obj
c:\users\zhenya\documents\graphicsprogramming\everyray-rendering-engine\source\library\release\bruteforcestructure.obj
c:\users\zhenya\documents\graphicsprogramming\everyray-rendering-engine\bin\release\library.lib
c:\users\zhenya\documents\graphicsprogramming\everyray-rendering-engine\source\library\release\colorfilteringmaterial.obj
c:\users\zhenya\documents\graphicsprogramming\everyray-rendering-engine\source\library\release\colorgradingmaterial.obj
c:\users\zhenya\documents\graphicsprogramming\everyray-rendering-engine\source\library\release\customrendertarget.obj
c:\users\zhenya\documents\graphicsprogramming\everyray-rendering-engine\source\library\release\demolevel.obj
c:\users\zhenya\documents\graphicsprogramming\everyray-rendering-engine\source\library\release\depthmapmaterial.obj
c:\users\zhenya\documents\graphicsprogramming\everyray-rendering-engine\\bin\release\library.lib
c:\users\zhenya\documents\graphicsprogramming\everyray-rendering-engine\source\library\release\library.tlog\cl.command.1.tlog
c:\users\zhenya\documents\graphicsprogramming\everyray-rendering-engine\source\library\release\library.tlog\cl.read.1.tlog
c:\users\zhenya\documents\graphicsprogramming\everyray-rendering-engine\source\library\release\library.tlog\cl.write.1.tlog
c:\users\zhenya\documents\graphicsprogramming\everyray-rendering-engine\source\library\release\library.tlog\lib-link.read.1.tlog
c:\users\zhenya\documents\graphicsprogramming\everyray-rendering-engine\source\library\release\library.tlog\lib-link.write.1.tlog
c:\users\zhenya\documents\graphicsprogramming\everyray-rendering-engine\source\library\release\library.tlog\lib.command.1.tlog
