  stdafx.cpp
  AmbientLightingMaterial.cpp
  BasicMaterial.cpp
  BruteforceStructure.cpp
  Camera.cpp
  ColorFilteringMaterial.cpp
  ColorGradingMaterial.cpp
  ColorHelper.cpp
  CustomRenderTarget.cpp
  DeferredMaterial.cpp
  DemoLevel.cpp
  DepthMap.cpp
  DepthMapMaterial.cpp
  DepthTarget.cpp
  DiffuseLightingMaterial.cpp
  DirectionalLight.cpp
  DrawableGameComponent.cpp
  Effect.cpp
  EnvironmentMappingMaterial.cpp
  FastFourierTransform.cpp
  FirstPersonCamera.cpp
  Generating Code...
c:\users\zhenya\documents\graphicsprogramming\everyray-rendering-engine\source\library\directionallight.cpp(188): warning C4172: returning address of local variable or temporary: viewMatrix
  Compiling...
  FpsComponent.cpp
  Frustum.cpp
  FullScreenQuad.cpp
  FullScreenRenderTarget.cpp
  FXAAMaterial.cpp
  Game.cpp
c:\users\zhenya\documents\graphicsprogramming\everyray-rendering-engine\source\library\game.cpp(240): warning C4018: '<': signed/unsigned mismatch
c:\users\zhenya\documents\graphicsprogramming\everyray-rendering-engine\source\library\game.cpp(289): warning C4838: conversion from 'UINT' to 'LONG' requires a narrowing conversion
  GameClock.cpp
  GameComponent.cpp
  GameException.cpp
  GameTime.cpp
  GBuffer.cpp
  Grid.cpp
  IBLCubemap.cpp
c:\users\zhenya\documents\graphicsprogramming\everyray-rendering-engine\source\library\iblcubemap.cpp(43): warning C4156: deletion of an array expression without using the array form of 'delete'; array form substituted
c:\users\zhenya\documents\graphicsprogramming\everyray-rendering-engine\source\library\iblcubemap.cpp(43): warning C4154: deletion of an array expression; conversion to pointer supplied
  IBLCubemapFace.cpp
c:\users\zhenya\documents\graphicsprogramming\everyray-rendering-engine\source\library\iblcubemapface.cpp(27): warning C4156: deletion of an array expression without using the array form of 'delete'; array form substituted
c:\users\zhenya\documents\graphicsprogramming\everyray-rendering-engine\source\library\iblcubemapface.cpp(27): warning C4154: deletion of an array expression; conversion to pointer supplied
  IBLRadianceMap.cpp
c:\users\zhenya\documents\graphicsprogramming\everyray-rendering-engine\source\library\iblradiancemap.cpp(6): warning C4005: '_WIN32_WINNT': macro redefinition
  c:\program files (x86)\windows kits\10\include\10.0.18362.0\shared\sdkddkver.h(217): note: see previous definition of '_WIN32_WINNT'
c:\users\zhenya\documents\graphicsprogramming\everyray-rendering-engine\source\library\iblradiancemap.cpp(164): warning C4244: '=': conversion from 'int' to 'float', possible loss of data
c:\users\zhenya\documents\graphicsprogramming\everyray-rendering-engine\source\library\iblradiancemap.cpp(165): warning C4244: '=': conversion from 'int' to 'float', possible loss of data
  InstancingMaterial.cpp
  Keyboard.cpp
  Light.cpp
  Material.cpp
  MaterialHelper.cpp
  Generating Code...
  Compiling...
  MatrixHelper.cpp
  Mesh.cpp
  Model.cpp
  ModelMaterial.cpp
  MotionBlurMaterial.cpp
  Mouse.cpp
  NormalMappingMaterial.cpp
  OceanSimulator.cpp
c:\users\zhenya\documents\graphicsprogramming\everyray-rendering-engine\source\library\oceansimulator.cpp(436): warning C4244: 'argument': conversion from 'double' to 'float', possible loss of data
c:\users\zhenya\documents\graphicsprogramming\everyray-rendering-engine\source\library\oceansimulator.cpp(480): warning C4244: '=': conversion from 'double' to 'float', possible loss of data
c:\users\zhenya\documents\graphicsprogramming\everyray-rendering-engine\source\library\oceansimulator.cpp(484): warning C4244: '=': conversion from 'double' to 'float', possible loss of data
c:\users\zhenya\documents\graphicsprogramming\everyray-rendering-engine\source\library\oceansimulator.cpp(463): warning C4101: 'Kn': unreferenced local variable
  OctreeStructure.cpp
c:\users\zhenya\documents\graphicsprogramming\everyray-rendering-engine\source\library\octreestructure.h(20): warning C4244: 'return': conversion from '_Rep' to 'float', possible loss of data
          with
          [
              _Rep=double
          ]
c:\users\zhenya\documents\graphicsprogramming\everyray-rendering-engine\source\library\octreestructure.h(21): warning C4244: 'return': conversion from '_Rep' to 'float', possible loss of data
          with
          [
              _Rep=double
          ]
c:\users\zhenya\documents\graphicsprogramming\everyray-rendering-engine\source\library\octreestructure.cpp(457): warning C4316: 'Library::RenderableAABB': object allocated on the heap may not be aligned 16
  Pass.cpp
  PBRMaterial.cpp
  PointLight.cpp
  PointLightingMaterial.cpp
  PostProcessingMaterial.cpp
  PostProcessingStack.cpp
c:\users\zhenya\documents\graphicsprogramming\everyray-rendering-engine\source\library\postprocessingstack.h(98): warning C4150: deletion of pointer to incomplete type 'Rendering::VignetteMaterial'; no destructor called
  c:\users\zhenya\documents\graphicsprogramming\everyray-rendering-engine\source\library\postprocessingstack.h(18): note: see declaration of 'Rendering::VignetteMaterial'
c:\users\zhenya\documents\graphicsprogramming\everyray-rendering-engine\source\library\postprocessingstack.h(99): warning C4150: deletion of pointer to incomplete type 'Library::FullScreenQuad'; no destructor called
  c:\users\zhenya\documents\graphicsprogramming\everyray-rendering-engine\source\library\postprocessingstack.h(12): note: see declaration of 'Library::FullScreenQuad'
c:\users\zhenya\documents\graphicsprogramming\everyray-rendering-engine\source\library\postprocessingstack.h(121): warning C4150: deletion of pointer to incomplete type 'Rendering::FXAAMaterial'; no destructor called
  c:\users\zhenya\documents\graphicsprogramming\everyray-rendering-engine\source\library\postprocessingstack.h(21): note: see declaration of 'Rendering::FXAAMaterial'
c:\users\zhenya\documents\graphicsprogramming\everyray-rendering-engine\source\library\postprocessingstack.h(122): warning C4150: deletion of pointer to incomplete type 'Library::FullScreenQuad'; no destructor called
  c:\users\zhenya\documents\graphicsprogramming\everyray-rendering-engine\source\library\postprocessingstack.h(12): note: see declaration of 'Library::FullScreenQuad'
c:\users\zhenya\documents\graphicsprogramming\everyray-rendering-engine\source\library\postprocessingstack.h(142): warning C4150: deletion of pointer to incomplete type 'Rendering::ColorGradingMaterial'; no destructor called
  c:\users\zhenya\documents\graphicsprogramming\everyray-rendering-engine\source\library\postprocessingstack.h(19): note: see declaration of 'Rendering::ColorGradingMaterial'
c:\users\zhenya\documents\graphicsprogramming\everyray-rendering-engine\source\library\postprocessingstack.h(143): warning C4150: deletion of pointer to incomplete type 'Library::FullScreenQuad'; no destructor called
  c:\users\zhenya\documents\graphicsprogramming\everyray-rendering-engine\source\library\postprocessingstack.h(12): note: see declaration of 'Library::FullScreenQuad'
c:\users\zhenya\documents\graphicsprogramming\everyray-rendering-engine\source\library\postprocessingstack.h(172): warning C4150: deletion of pointer to incomplete type 'Rendering::ScreenSpaceReflectionsMaterial'; no destructor called
  c:\users\zhenya\documents\graphicsprogramming\everyray-rendering-engine\source\library\postprocessingstack.h(22): note: see declaration of 'Rendering::ScreenSpaceReflectionsMaterial'
c:\users\zhenya\documents\graphicsprogramming\everyray-rendering-engine\source\library\postprocessingstack.h(173): warning C4150: deletion of pointer to incomplete type 'Library::FullScreenQuad'; no destructor called
  c:\users\zhenya\documents\graphicsprogramming\everyray-rendering-engine\source\library\postprocessingstack.h(12): note: see declaration of 'Library::FullScreenQuad'
c:\users\zhenya\documents\graphicsprogramming\everyray-rendering-engine\source\library\postprocessingstack.h(197): warning C4150: deletion of pointer to incomplete type 'Rendering::MotionBlurMaterial'; no destructor called
  c:\users\zhenya\documents\graphicsprogramming\everyray-rendering-engine\source\library\postprocessingstack.h(20): note: see declaration of 'Rendering::MotionBlurMaterial'
c:\users\zhenya\documents\graphicsprogramming\everyray-rendering-engine\source\library\postprocessingstack.h(198): warning C4150: deletion of pointer to incomplete type 'Library::FullScreenQuad'; no destructor called
  c:\users\zhenya\documents\graphicsprogramming\everyray-rendering-engine\source\library\postprocessingstack.h(12): note: see declaration of 'Library::FullScreenQuad'
c:\users\zhenya\documents\graphicsprogramming\everyray-rendering-engine\source\library\postprocessingstack.cpp(122): warning C4316: 'Rendering::EffectElements::MotionBlurEffect': object allocated on the heap may not be aligned 16
c:\users\zhenya\documents\graphicsprogramming\everyray-rendering-engine\source\library\postprocessingstack.cpp(328): warning C4838: conversion from 'unsigned int' to 'int' requires a narrowing conversion
c:\users\zhenya\documents\graphicsprogramming\everyray-rendering-engine\source\library\postprocessingstack.cpp(393): warning C4244: 'argument': conversion from 'int' to 'float', possible loss of data
c:\users\zhenya\documents\graphicsprogramming\everyray-rendering-engine\source\library\postprocessingstack.cpp(400): warning C4244: 'argument': conversion from 'int' to 'float', possible loss of data
c:\users\zhenya\documents\graphicsprogramming\everyray-rendering-engine\source\library\postprocessingstack.cpp(401): warning C4244: 'argument': conversion from 'int' to 'float', possible loss of data
  Projector.cpp
  ProxyModel.cpp
  QuadRenderer.cpp
  RasterizerStates.cpp
  Ray.cpp
  Generating Code...
c:\users\zhenya\documents\graphicsprogramming\everyray-rendering-engine\source\library\matrixhelper.cpp(129): warning C4172: returning address of local variable or temporary: rowVector
  Compiling...
  RenderableAABB.cpp
  RenderableFrustum.cpp
  RenderableOBB.cpp
  RenderingObject.cpp
c:\users\zhenya\documents\graphicsprogramming\everyray-rendering-engine\source\library\renderingobject.cpp(45): warning C4018: '<': signed/unsigned mismatch
c:\users\zhenya\documents\graphicsprogramming\everyray-rendering-engine\source\library\renderingobject.cpp(64): warning C4316: 'Library::RenderableAABB': object allocated on the heap may not be aligned 16
c:\users\zhenya\documents\graphicsprogramming\everyray-rendering-engine\source\library\renderingobject.cpp(115): warning C4018: '<': signed/unsigned mismatch
c:\users\zhenya\documents\graphicsprogramming\everyray-rendering-engine\source\library\renderingobject.cpp(295): warning C4018: '<': signed/unsigned mismatch
c:\users\zhenya\documents\graphicsprogramming\everyray-rendering-engine\source\library\renderingobject.cpp(377): warning C4018: '<': signed/unsigned mismatch
c:\users\zhenya\documents\graphicsprogramming\everyray-rendering-engine\source\library\renderingobject.cpp(387): warning C4018: '<': signed/unsigned mismatch
c:\users\zhenya\documents\graphicsprogramming\everyray-rendering-engine\source\library\renderingobject.cpp(412): warning C4018: '<': signed/unsigned mismatch
c:\users\zhenya\documents\graphicsprogramming\everyray-rendering-engine\source\library\renderingobject.cpp(440): warning C4018: '<': signed/unsigned mismatch
c:\users\zhenya\documents\graphicsprogramming\everyray-rendering-engine\source\library\renderingobject.cpp(564): warning C4018: '<': signed/unsigned mismatch
c:\users\zhenya\documents\graphicsprogramming\everyray-rendering-engine\source\library\renderingobject.cpp(569): warning C4996: 'strcpy': This function or variable may be unsafe. Consider using strcpy_s instead. To disable deprecation, use _CRT_SECURE_NO_WARNINGS. See online help for details.
  c:\program files (x86)\windows kits\10\include\10.0.18362.0\ucrt\string.h(133): note: see declaration of 'strcpy'
c:\users\zhenya\documents\graphicsprogramming\everyray-rendering-engine\source\library\renderingobject.cpp(585): warning C4018: '<': signed/unsigned mismatch
  RenderStateHelper.cpp
  RenderTarget.cpp
  SamplerStates.cpp
  ScreenSpaceReflectionsMaterial.cpp
  ServiceContainer.cpp
  ShadowMapper.cpp
c:\users\zhenya\documents\graphicsprogramming\everyray-rendering-engine\source\library\shadowmapper.cpp(50): warning C4244: '=': conversion from 'float' to 'INT', possible loss of data
  ShadowMappingDirectionalMaterial.cpp
  ShadowMappingMaterial.cpp
  SkinShadingColorMaterial.cpp
  SkinShadingScatterMaterial.cpp
  Skybox.cpp
c:\users\zhenya\documents\graphicsprogramming\everyray-rendering-engine\source\library\skybox.cpp(95): warning C4244: 'argument': conversion from 'double' to 'float', possible loss of data
  SkyboxMaterial.cpp
  SpatialElement.cpp
c:\users\zhenya\documents\graphicsprogramming\everyray-rendering-engine\source\library\spatialelement.cpp(63): warning C4101: 'tempDot3': unreferenced local variable
c:\users\zhenya\documents\graphicsprogramming\everyray-rendering-engine\source\library\spatialelement.cpp(62): warning C4101: 'k': unreferenced local variable
c:\users\zhenya\documents\graphicsprogramming\everyray-rendering-engine\source\library\spatialelement.cpp(62): warning C4101: 'i': unreferenced local variable
  SpotLight.cpp
  StandardLightingMaterial.cpp
  Technique.cpp
  Generating Code...
  Compiling...
  TGATextureLoader.cpp
  Utility.cpp
  Variable.cpp
  VectorHelper.cpp
  VignetteMaterial.cpp
  Generating Code...
ColorHelper.obj : warning LNK4006: "public: static struct DirectX::XMVECTORF32 __cdecl Library::ColorHelper::RandomColor(void)" (?RandomColor@ColorHelper@Library@@SA?AUXMVECTORF32@DirectX@@XZ) already defined in FpsComponent.obj; second definition ignored
ColorHelper.obj : warning LNK4006: "public: static struct DirectX::XMVECTORF32 const Library::ColorHelper::Black" (?Black@ColorHelper@Library@@2UXMVECTORF32@DirectX@@B) already defined in FpsComponent.obj; second definition ignored
ColorHelper.obj : warning LNK4006: "public: static struct DirectX::XMVECTORF32 const Library::ColorHelper::White" (?White@ColorHelper@Library@@2UXMVECTORF32@DirectX@@B) already defined in FpsComponent.obj; second definition ignored
ColorHelper.obj : warning LNK4006: "public: static struct DirectX::XMVECTORF32 const Library::ColorHelper::Red" (?Red@ColorHelper@Library@@2UXMVECTORF32@DirectX@@B) already defined in FpsComponent.obj; second definition ignored
ColorHelper.obj : warning LNK4006: "public: static struct DirectX::XMVECTORF32 const Library::ColorHelper::Green" (?Green@ColorHelper@Library@@2UXMVECTORF32@DirectX@@B) already defined in FpsComponent.obj; second definition ignored
ColorHelper.obj : warning LNK4006: "public: static struct DirectX::XMVECTORF32 const Library::ColorHelper::Blue" (?Blue@ColorHelper@Library@@2UXMVECTORF32@DirectX@@B) already defined in FpsComponent.obj; second definition ignored
ColorHelper.obj : warning LNK4006: "public: static struct DirectX::XMVECTORF32 const Library::ColorHelper::Yellow" (?Yellow@ColorHelper@Library@@2UXMVECTORF32@DirectX@@B) already defined in FpsComponent.obj; second definition ignored
ColorHelper.obj : warning LNK4006: "public: static struct DirectX::XMVECTORF32 const Library::ColorHelper::BlueGreen" (?BlueGreen@ColorHelper@Library@@2UXMVECTORF32@DirectX@@B) already defined in FpsComponent.obj; second definition ignored
ColorHelper.obj : warning LNK4006: "public: static struct DirectX::XMVECTORF32 const Library::ColorHelper::Purple" (?Purple@ColorHelper@Library@@2UXMVECTORF32@DirectX@@B) already defined in FpsComponent.obj; second definition ignored
ColorHelper.obj : warning LNK4006: "public: static struct DirectX::XMVECTORF32 const Library::ColorHelper::CornflowerBlue" (?CornflowerBlue@ColorHelper@Library@@2UXMVECTORF32@DirectX@@B) already defined in FpsComponent.obj; second definition ignored
ColorHelper.obj : warning LNK4006: "public: static struct DirectX::XMVECTORF32 const Library::ColorHelper::Wheat" (?Wheat@ColorHelper@Library@@2UXMVECTORF32@DirectX@@B) already defined in FpsComponent.obj; second definition ignored
ColorHelper.obj : warning LNK4006: "public: static struct DirectX::XMVECTORF32 const Library::ColorHelper::LightGray" (?LightGray@ColorHelper@Library@@2UXMVECTORF32@DirectX@@B) already defined in FpsComponent.obj; second definition ignored
ColorHelper.obj : warning LNK4006: "public: static struct DirectX::XMVECTORF32 const Library::ColorHelper::Orange" (?Orange@ColorHelper@Library@@2UXMVECTORF32@DirectX@@B) already defined in FpsComponent.obj; second definition ignored
ColorHelper.obj : warning LNK4006: "private: static class std::random_device Library::ColorHelper::sDevice" (?sDevice@ColorHelper@Library@@0Vrandom_device@std@@A) already defined in FpsComponent.obj; second definition ignored
ColorHelper.obj : warning LNK4006: "private: static class std::mersenne_twister_engine<unsigned int,32,624,397,31,2567483615,11,4294967295,7,2636928640,15,4022730752,18,1812433253> Library::ColorHelper::sGenerator" (?sGenerator@ColorHelper@Library@@0V?$mersenne_twister_engine@I$0CA@$0CHA@$0BIN@$0BP@$0JJAILANP@$0L@$0PPPPPPPP@$06$0JNCMFGIA@$0P@$0OPMGAAAA@$0BC@$0GMAHIJGF@@std@@A) already defined in FpsComponent.obj; second definition ignored
ColorHelper.obj : warning LNK4006: "private: static class std::uniform_real_distribution<float> Library::ColorHelper::sDistribution" (?sDistribution@ColorHelper@Library@@0V?$uniform_real_distribution@M@std@@A) already defined in FpsComponent.obj; second definition ignored
ColorHelper.obj : warning LNK4221: This object file does not define any previously undefined public symbols, so it will not be used by any link operation that consumes this library
  Library.vcxproj -> C:\Users\Zhenya\Documents\GraphicsProgramming\EveryRay-Rendering-Engine\\bin\Debug\Library.lib
