t:\everyray-rendering-engine\source\library\debug\library.pch
t:\everyray-rendering-engine\bin\x64\debug\library.pdb
t:\everyray-rendering-engine\bin\x64\debug\library.idb
t:\everyray-rendering-engine\source\library\debug\stdafx.obj
t:\everyray-rendering-engine\source\library\debug\environmentmappingmaterial.obj
t:\everyray-rendering-engine\source\library\debug\effect.obj
t:\everyray-rendering-engine\source\library\debug\editor.obj
t:\everyray-rendering-engine\source\library\debug\drawablegamecomponent.obj
t:\everyray-rendering-engine\source\library\debug\directionallight.obj
t:\everyray-rendering-engine\source\library\debug\diffuselightingmaterial.obj
t:\everyray-rendering-engine\source\library\debug\depthtarget.obj
t:\everyray-rendering-engine\source\library\debug\depthmapmaterial.obj
t:\everyray-rendering-engine\source\library\debug\depthmap.obj
t:\everyray-rendering-engine\source\library\debug\demolevel.obj
t:\everyray-rendering-engine\source\library\debug\deferredmaterial.obj
t:\everyray-rendering-engine\source\library\debug\customrendertarget.obj
t:\everyray-rendering-engine\source\library\debug\compositelightingmaterial.obj
t:\everyray-rendering-engine\source\library\debug\colorhelper.obj
t:\everyray-rendering-engine\source\library\debug\colorgradingmaterial.obj
t:\everyray-rendering-engine\source\library\debug\colorfilteringmaterial.obj
t:\everyray-rendering-engine\source\library\debug\camera.obj
t:\everyray-rendering-engine\source\library\debug\bruteforcestructure.obj
t:\everyray-rendering-engine\source\library\debug\basicmaterial.obj
t:\everyray-rendering-engine\source\library\debug\ambientlightingmaterial.obj
t:\everyray-rendering-engine\source\library\debug\iblradiancemap.obj
t:\everyray-rendering-engine\source\library\debug\iblcubemapface.obj
t:\everyray-rendering-engine\source\library\debug\iblcubemap.obj
t:\everyray-rendering-engine\source\library\debug\grid.obj
t:\everyray-rendering-engine\source\library\debug\gbuffer.obj
t:\everyray-rendering-engine\source\library\debug\gametime.obj
t:\everyray-rendering-engine\source\library\debug\gameexception.obj
t:\everyray-rendering-engine\source\library\debug\gamecomponent.obj
t:\everyray-rendering-engine\source\library\debug\gameclock.obj
t:\everyray-rendering-engine\source\library\debug\game.obj
t:\everyray-rendering-engine\source\library\debug\fxaamaterial.obj
t:\everyray-rendering-engine\source\library\debug\fullscreenrendertarget.obj
t:\everyray-rendering-engine\source\library\debug\fullscreenquad.obj
t:\everyray-rendering-engine\source\library\debug\frustum.obj
t:\everyray-rendering-engine\source\library\debug\fpscomponent.obj
t:\everyray-rendering-engine\source\library\debug\foliagematerial.obj
t:\everyray-rendering-engine\source\library\debug\foliage.obj
t:\everyray-rendering-engine\source\library\debug\fogmaterial.obj
t:\everyray-rendering-engine\source\library\debug\firstpersoncamera.obj
t:\everyray-rendering-engine\source\library\debug\pointlight.obj
t:\everyray-rendering-engine\source\library\debug\pbrmaterial.obj
t:\everyray-rendering-engine\source\library\debug\pass.obj
t:\everyray-rendering-engine\source\library\debug\parallaxmappingtestmaterial.obj
t:\everyray-rendering-engine\source\library\debug\octreestructure.obj
t:\everyray-rendering-engine\source\library\debug\normalmappingmaterial.obj
t:\everyray-rendering-engine\source\library\debug\mouse.obj
t:\everyray-rendering-engine\source\library\debug\motionblurmaterial.obj
t:\everyray-rendering-engine\source\library\debug\modelmaterial.obj
t:\everyray-rendering-engine\source\library\debug\model.obj
t:\everyray-rendering-engine\source\library\debug\mesh.obj
t:\everyray-rendering-engine\source\library\debug\matrixhelper.obj
t:\everyray-rendering-engine\source\library\debug\materialhelper.obj
t:\everyray-rendering-engine\source\library\debug\material.obj
t:\everyray-rendering-engine\source\library\debug\lightshaftsmaterial.obj
t:\everyray-rendering-engine\source\library\debug\light.obj
t:\everyray-rendering-engine\source\library\debug\keyboard.obj
t:\everyray-rendering-engine\source\library\debug\instancingmaterial.obj
t:\everyray-rendering-engine\source\library\debug\illumination.obj
t:\everyray-rendering-engine\source\library\debug\shadowmappingdirectionalmaterial.obj
t:\everyray-rendering-engine\source\library\debug\shadowmapper.obj
t:\everyray-rendering-engine\source\library\debug\servicecontainer.obj
t:\everyray-rendering-engine\source\library\debug\screenspacereflectionsmaterial.obj
t:\everyray-rendering-engine\source\library\debug\scene.obj
t:\everyray-rendering-engine\source\library\debug\samplerstates.obj
t:\everyray-rendering-engine\source\library\debug\rendertarget.obj
t:\everyray-rendering-engine\source\library\debug\renderstatehelper.obj
t:\everyray-rendering-engine\source\library\debug\renderingobject.obj
t:\everyray-rendering-engine\source\library\debug\renderableobb.obj
t:\everyray-rendering-engine\source\library\debug\renderablefrustum.obj
t:\everyray-rendering-engine\source\library\debug\renderableaabb.obj
t:\everyray-rendering-engine\source\library\debug\ray.obj
t:\everyray-rendering-engine\source\library\debug\rasterizerstates.obj
t:\everyray-rendering-engine\source\library\debug\quadrenderer.obj
t:\everyray-rendering-engine\source\library\debug\proxymodel.obj
t:\everyray-rendering-engine\source\library\debug\projector.obj
t:\everyray-rendering-engine\source\library\debug\postprocessingstack.obj
t:\everyray-rendering-engine\source\library\debug\postprocessingmaterial.obj
t:\everyray-rendering-engine\source\library\debug\pointlightingmaterial.obj
t:\everyray-rendering-engine\source\library\debug\voxelizationgimaterial.obj
t:\everyray-rendering-engine\source\library\debug\volumetricclouds.obj
t:\everyray-rendering-engine\source\library\debug\vignettematerial.obj
t:\everyray-rendering-engine\source\library\debug\vectorhelper.obj
t:\everyray-rendering-engine\source\library\debug\variable.obj
t:\everyray-rendering-engine\source\library\debug\utility.obj
t:\everyray-rendering-engine\source\library\debug\tgatextureloader.obj
t:\everyray-rendering-engine\source\library\debug\terrainmaterial.obj
t:\everyray-rendering-engine\source\library\debug\terrain.obj
t:\everyray-rendering-engine\source\library\debug\technique.obj
t:\everyray-rendering-engine\source\library\debug\standardlightingmaterial.obj
t:\everyray-rendering-engine\source\library\debug\spotlight.obj
t:\everyray-rendering-engine\source\library\debug\spatialelement.obj
t:\everyray-rendering-engine\source\library\debug\skyboxmaterial.obj
t:\everyray-rendering-engine\source\library\debug\skybox.obj
t:\everyray-rendering-engine\source\library\debug\skinshadingscattermaterial.obj
t:\everyray-rendering-engine\source\library\debug\skinshadingcolormaterial.obj
t:\everyray-rendering-engine\source\library\debug\shadowmappingmaterial.obj
t:\everyray-rendering-engine\bin\x64\debug\library.lib
c:\users\zhenya\documents\graphicsprogramming\everyray-rendering-engine\source\library\debug\ambientlightingmaterial.obj
c:\users\zhenya\documents\graphicsprogramming\everyray-rendering-engine\source\library\debug\basicmaterial.obj
c:\users\zhenya\documents\graphicsprogramming\everyray-rendering-engine\source\library\debug\bruteforcestructure.obj
c:\users\zhenya\documents\graphicsprogramming\everyray-rendering-engine\source\library\debug\camera.obj
c:\users\zhenya\documents\graphicsprogramming\everyray-rendering-engine\source\library\debug\colorfilteringmaterial.obj
c:\users\zhenya\documents\graphicsprogramming\everyray-rendering-engine\source\library\debug\colorgradingmaterial.obj
c:\users\zhenya\documents\graphicsprogramming\everyray-rendering-engine\source\library\debug\colorhelper.obj
c:\users\zhenya\documents\graphicsprogramming\everyray-rendering-engine\source\library\debug\compositelightingmaterial.obj
c:\users\zhenya\documents\graphicsprogramming\everyray-rendering-engine\source\library\debug\customrendertarget.obj
c:\users\zhenya\documents\graphicsprogramming\everyray-rendering-engine\source\library\debug\deferredmaterial.obj
c:\users\zhenya\documents\graphicsprogramming\everyray-rendering-engine\source\library\debug\demolevel.obj
c:\users\zhenya\documents\graphicsprogramming\everyray-rendering-engine\source\library\debug\depthmap.obj
c:\users\zhenya\documents\graphicsprogramming\everyray-rendering-engine\source\library\debug\depthmapmaterial.obj
c:\users\zhenya\documents\graphicsprogramming\everyray-rendering-engine\source\library\debug\depthtarget.obj
c:\users\zhenya\documents\graphicsprogramming\everyray-rendering-engine\source\library\debug\diffuselightingmaterial.obj
c:\users\zhenya\documents\graphicsprogramming\everyray-rendering-engine\source\library\debug\directionallight.obj
c:\users\zhenya\documents\graphicsprogramming\everyray-rendering-engine\source\library\debug\drawablegamecomponent.obj
c:\users\zhenya\documents\graphicsprogramming\everyray-rendering-engine\source\library\debug\editor.obj
c:\users\zhenya\documents\graphicsprogramming\everyray-rendering-engine\source\library\debug\effect.obj
c:\users\zhenya\documents\graphicsprogramming\everyray-rendering-engine\source\library\debug\environmentmappingmaterial.obj
c:\users\zhenya\documents\graphicsprogramming\everyray-rendering-engine\source\library\debug\fastfouriertransform.obj
c:\users\zhenya\documents\graphicsprogramming\everyray-rendering-engine\source\library\debug\firstpersoncamera.obj
c:\users\zhenya\documents\graphicsprogramming\everyray-rendering-engine\source\library\debug\fogmaterial.obj
c:\users\zhenya\documents\graphicsprogramming\everyray-rendering-engine\source\library\debug\foliage.obj
c:\users\zhenya\documents\graphicsprogramming\everyray-rendering-engine\source\library\debug\foliagematerial.obj
c:\users\zhenya\documents\graphicsprogramming\everyray-rendering-engine\source\library\debug\fpscomponent.obj
c:\users\zhenya\documents\graphicsprogramming\everyray-rendering-engine\source\library\debug\frustum.obj
c:\users\zhenya\documents\graphicsprogramming\everyray-rendering-engine\source\library\debug\fullscreenquad.obj
c:\users\zhenya\documents\graphicsprogramming\everyray-rendering-engine\source\library\debug\fullscreenrendertarget.obj
c:\users\zhenya\documents\graphicsprogramming\everyray-rendering-engine\source\library\debug\fxaamaterial.obj
c:\users\zhenya\documents\graphicsprogramming\everyray-rendering-engine\source\library\debug\game.obj
c:\users\zhenya\documents\graphicsprogramming\everyray-rendering-engine\source\library\debug\gameclock.obj
c:\users\zhenya\documents\graphicsprogramming\everyray-rendering-engine\source\library\debug\gamecomponent.obj
c:\users\zhenya\documents\graphicsprogramming\everyray-rendering-engine\source\library\debug\gameexception.obj
c:\users\zhenya\documents\graphicsprogramming\everyray-rendering-engine\source\library\debug\gametime.obj
c:\users\zhenya\documents\graphicsprogramming\everyray-rendering-engine\source\library\debug\gbuffer.obj
c:\users\zhenya\documents\graphicsprogramming\everyray-rendering-engine\source\library\debug\grid.obj
c:\users\zhenya\documents\graphicsprogramming\everyray-rendering-engine\source\library\debug\iblcubemap.obj
c:\users\zhenya\documents\graphicsprogramming\everyray-rendering-engine\source\library\debug\iblcubemapface.obj
c:\users\zhenya\documents\graphicsprogramming\everyray-rendering-engine\source\library\debug\iblradiancemap.obj
c:\users\zhenya\documents\graphicsprogramming\everyray-rendering-engine\source\library\debug\illumination.obj
c:\users\zhenya\documents\graphicsprogramming\everyray-rendering-engine\source\library\debug\instancingmaterial.obj
c:\users\zhenya\documents\graphicsprogramming\everyray-rendering-engine\source\library\debug\keyboard.obj
c:\users\zhenya\documents\graphicsprogramming\everyray-rendering-engine\source\library\debug\light.obj
c:\users\zhenya\documents\graphicsprogramming\everyray-rendering-engine\source\library\debug\lightshaftsmaterial.obj
c:\users\zhenya\documents\graphicsprogramming\everyray-rendering-engine\source\library\debug\material.obj
c:\users\zhenya\documents\graphicsprogramming\everyray-rendering-engine\source\library\debug\materialhelper.obj
c:\users\zhenya\documents\graphicsprogramming\everyray-rendering-engine\source\library\debug\matrixhelper.obj
c:\users\zhenya\documents\graphicsprogramming\everyray-rendering-engine\source\library\debug\mesh.obj
c:\users\zhenya\documents\graphicsprogramming\everyray-rendering-engine\source\library\debug\model.obj
c:\users\zhenya\documents\graphicsprogramming\everyray-rendering-engine\source\library\debug\modelmaterial.obj
c:\users\zhenya\documents\graphicsprogramming\everyray-rendering-engine\source\library\debug\motionblurmaterial.obj
c:\users\zhenya\documents\graphicsprogramming\everyray-rendering-engine\source\library\debug\mouse.obj
c:\users\zhenya\documents\graphicsprogramming\everyray-rendering-engine\source\library\debug\normalmappingmaterial.obj
c:\users\zhenya\documents\graphicsprogramming\everyray-rendering-engine\source\library\debug\oceansimulator.obj
c:\users\zhenya\documents\graphicsprogramming\everyray-rendering-engine\source\library\debug\octreestructure.obj
c:\users\zhenya\documents\graphicsprogramming\everyray-rendering-engine\source\library\debug\parallaxmappingtestmaterial.obj
c:\users\zhenya\documents\graphicsprogramming\everyray-rendering-engine\source\library\debug\pass.obj
c:\users\zhenya\documents\graphicsprogramming\everyray-rendering-engine\source\library\debug\pbrmaterial.obj
c:\users\zhenya\documents\graphicsprogramming\everyray-rendering-engine\source\library\debug\pointlight.obj
c:\users\zhenya\documents\graphicsprogramming\everyray-rendering-engine\source\library\debug\pointlightingmaterial.obj
c:\users\zhenya\documents\graphicsprogramming\everyray-rendering-engine\source\library\debug\postprocessingmaterial.obj
c:\users\zhenya\documents\graphicsprogramming\everyray-rendering-engine\source\library\debug\postprocessingstack.obj
c:\users\zhenya\documents\graphicsprogramming\everyray-rendering-engine\source\library\debug\projector.obj
c:\users\zhenya\documents\graphicsprogramming\everyray-rendering-engine\source\library\debug\proxymodel.obj
c:\users\zhenya\documents\graphicsprogramming\everyray-rendering-engine\source\library\debug\quadrenderer.obj
c:\users\zhenya\documents\graphicsprogramming\everyray-rendering-engine\source\library\debug\rasterizerstates.obj
c:\users\zhenya\documents\graphicsprogramming\everyray-rendering-engine\source\library\debug\ray.obj
c:\users\zhenya\documents\graphicsprogramming\everyray-rendering-engine\source\library\debug\renderableaabb.obj
c:\users\zhenya\documents\graphicsprogramming\everyray-rendering-engine\source\library\debug\renderablefrustum.obj
c:\users\zhenya\documents\graphicsprogramming\everyray-rendering-engine\source\library\debug\renderableobb.obj
c:\users\zhenya\documents\graphicsprogramming\everyray-rendering-engine\source\library\debug\renderingobject.obj
c:\users\zhenya\documents\graphicsprogramming\everyray-rendering-engine\source\library\debug\renderstatehelper.obj
c:\users\zhenya\documents\graphicsprogramming\everyray-rendering-engine\source\library\debug\rendertarget.obj
c:\users\zhenya\documents\graphicsprogramming\everyray-rendering-engine\source\library\debug\samplerstates.obj
c:\users\zhenya\documents\graphicsprogramming\everyray-rendering-engine\source\library\debug\scene.obj
c:\users\zhenya\documents\graphicsprogramming\everyray-rendering-engine\source\library\debug\screenspacereflectionsmaterial.obj
c:\users\zhenya\documents\graphicsprogramming\everyray-rendering-engine\source\library\debug\servicecontainer.obj
c:\users\zhenya\documents\graphicsprogramming\everyray-rendering-engine\source\library\debug\shadowmapper.obj
c:\users\zhenya\documents\graphicsprogramming\everyray-rendering-engine\source\library\debug\shadowmappingdirectionalmaterial.obj
c:\users\zhenya\documents\graphicsprogramming\everyray-rendering-engine\source\library\debug\shadowmappingmaterial.obj
c:\users\zhenya\documents\graphicsprogramming\everyray-rendering-engine\source\library\debug\skinshadingcolormaterial.obj
c:\users\zhenya\documents\graphicsprogramming\everyray-rendering-engine\source\library\debug\skinshadingscattermaterial.obj
c:\users\zhenya\documents\graphicsprogramming\everyray-rendering-engine\source\library\debug\skybox.obj
c:\users\zhenya\documents\graphicsprogramming\everyray-rendering-engine\source\library\debug\skyboxmaterial.obj
c:\users\zhenya\documents\graphicsprogramming\everyray-rendering-engine\source\library\debug\spatialelement.obj
c:\users\zhenya\documents\graphicsprogramming\everyray-rendering-engine\source\library\debug\spotlight.obj
c:\users\zhenya\documents\graphicsprogramming\everyray-rendering-engine\source\library\debug\standardlightingmaterial.obj
c:\users\zhenya\documents\graphicsprogramming\everyray-rendering-engine\source\library\debug\stdafx.obj
c:\users\zhenya\documents\graphicsprogramming\everyray-rendering-engine\source\library\debug\technique.obj
c:\users\zhenya\documents\graphicsprogramming\everyray-rendering-engine\source\library\debug\terrain.obj
c:\users\zhenya\documents\graphicsprogramming\everyray-rendering-engine\source\library\debug\terrainmaterial.obj
c:\users\zhenya\documents\graphicsprogramming\everyray-rendering-engine\source\library\debug\tgatextureloader.obj
c:\users\zhenya\documents\graphicsprogramming\everyray-rendering-engine\source\library\debug\utility.obj
c:\users\zhenya\documents\graphicsprogramming\everyray-rendering-engine\source\library\debug\variable.obj
c:\users\zhenya\documents\graphicsprogramming\everyray-rendering-engine\source\library\debug\vectorhelper.obj
c:\users\zhenya\documents\graphicsprogramming\everyray-rendering-engine\source\library\debug\vignettematerial.obj
c:\users\zhenya\documents\graphicsprogramming\everyray-rendering-engine\source\library\debug\volumetricclouds.obj
c:\users\zhenya\documents\graphicsprogramming\everyray-rendering-engine\source\library\debug\voxelizationgimaterial.obj
c:\users\zhenya\documents\graphicsprogramming\everyray-rendering-engine\source\library\debug\library.pch
c:\users\zhenya\documents\graphicsprogramming\everyray-rendering-engine\source\library\debug\library.idb
c:\users\zhenya\documents\graphicsprogramming\everyray-rendering-engine\source\library\debug\library.pdb
c:\users\zhenya\documents\graphicsprogramming\everyray-rendering-engine\source\library\debug\library.tlog\cl.command.1.tlog
c:\users\zhenya\documents\graphicsprogramming\everyray-rendering-engine\source\library\debug\library.tlog\cl.read.1.tlog
c:\users\zhenya\documents\graphicsprogramming\everyray-rendering-engine\source\library\debug\library.tlog\cl.write.1.tlog
c:\users\zhenya\documents\graphicsprogramming\everyray-rendering-engine\source\library\debug\library.tlog\lib-link.read.1.tlog
c:\users\zhenya\documents\graphicsprogramming\everyray-rendering-engine\source\library\debug\library.tlog\lib-link.write.1.tlog
c:\users\zhenya\documents\graphicsprogramming\everyray-rendering-engine\source\library\debug\library.tlog\lib.command.1.tlog
